T37E4 000:000.529   SEGGER J-Link V8.58 Log File
T37E4 000:000.726   DLL Compiled: Aug  6 2025 12:29:52
T37E4 000:000.731   Logging started @ 2025-10-07 05:51
T37E4 000:000.735   Process: C:\Users\honda\.eclipse\com.renesas.platform_544557474\DebugComp\RA\e2-server-gdb.exe
T37E4 000:000.745 - 0.739ms 
T37E4 000:000.757 JLINK_GetDLLVersion()
T37E4 000:000.762 - 0.005ms returns 85800
T37E4 000:002.860 JLINK_OpenEx(...)
T37E4 000:009.176   Firmware: J-Link OB-RA4M2 compiled Jul  8 2025 10:15:56
T37E4 000:009.747   Firmware: J-Link OB-RA4M2 compiled Jul  8 2025 10:15:56
T37E4 000:023.741   Hardware: V1.00
T37E4 000:023.779   S/N: 1082335064
T37E4 000:023.784   OEM: SEGGER
T37E4 000:023.790   Feature(s): None
T37E4 000:024.307   Bootloader: 2021 May 14
T37E4 000:024.660   USB speed mode: Full speed (12 MBit/s)
T37E4 000:025.034   TELNET listener socket opened on port 19021
T37E4 000:025.260   WEBSRV WEBSRV_Init(): Starting webserver thread(s)
T37E4 000:025.494   WEBSRV Webserver running on local port 19080
T37E4 000:025.667   Looking for J-Link GUI Server exe at: C:\Users\honda\.eclipse\com.renesas.platform_544557474\DebugComp\RA\ARM\Segger_v8.58.0\JLinkGUIServer.exe
T37E4 000:025.804   Looking for J-Link GUI Server exe at: C:\Program Files\SEGGER\JLink_V810\JLinkGUIServer.exe
T37E4 000:025.862   Forking J-Link GUI Server: C:\Program Files\SEGGER\JLink_V810\JLinkGUIServer.exe
T37E4 000:057.540   J-Link GUI Server info: "J-Link GUI server V8.10 "
T37E4 000:068.340 - 65.470ms returns "O.K."
T37E4 000:068.582 JLINK_TIF_Select(JLINKARM_TIF_SWD)
T37E4 000:069.134 - 0.555ms returns 0x00
T6F48 000:069.176 JLINK_ExecCommand("SetRTTSearchRanges 0x22000000 0x80000", ...). 
T6F48 000:069.387 - 0.160ms returns 0x00
T37E4 000:069.413 JLINK_ClrRESET()
T37E4 000:069.700 - 0.286ms 
T37E4 000:120.126 JLINK_SetSpeed(1500)
T37E4 000:120.359 - 0.241ms 
T37E4 000:120.390 JLINK_CORESIGHT_Configure(PerformTIFInit=0)
T37E4 000:120.789 - 0.399ms returns 0
T37E4 000:120.813 JLINK_CORESIGHT_ReadAPDPReg(DP reg 0x00)
T37E4 000:121.205   Value=0x6BA02477
T37E4 000:121.227 - 0.418ms returns 0
T37E4 000:121.245 JLINK_CORESIGHT_WriteAPDPReg(DP reg 0x00, 0x0000001F)
T37E4 000:121.426 - 0.181ms returns 0
T37E4 000:121.439 JLINK_CORESIGHT_ReadAPDPReg(DP reg 0x00)
T37E4 000:121.617   Value=0x6BA02477
T37E4 000:121.630 - 0.191ms returns 0
T37E4 000:121.640 JLINK_CORESIGHT_WriteAPDPReg(DP reg 0x02, 0x00000000)
T37E4 000:121.817 - 0.177ms returns 0
T37E4 000:121.828 JLINK_CORESIGHT_WriteAPDPReg(DP reg 0x01, 0x50000000)
T37E4 000:122.080 - 0.252ms returns 0
T37E4 000:122.111 JLINK_CORESIGHT_ReadAPDPReg(DP reg 0x01)
T37E4 000:122.303   Value=0xF0000040
T37E4 000:122.316 - 0.205ms returns 0
T37E4 000:122.326 JLINK_CORESIGHT_WriteAPDPReg(DP reg 0x00, 0x0000001F)
T37E4 000:122.509 - 0.183ms returns 0
T37E4 000:122.525 JLINK_CORESIGHT_ReadAPDPReg(DP reg 0x00)
T37E4 000:122.705   Value=0x6BA02477
T37E4 000:122.712 - 0.186ms returns 0
T37E4 000:122.717 JLINK_CORESIGHT_WriteAPDPReg(DP reg 0x01, 0x54000000)
T37E4 000:122.916 - 0.198ms returns 0
T37E4 000:122.922 JLINK_CORESIGHT_WriteAPDPReg(DP reg 0x01, 0x50000F00)
T37E4 000:123.092 - 0.169ms returns 0
T37E4 000:123.103 JLINK_CORESIGHT_WriteAPDPReg(DP reg 0x02, 0x01000000)
T37E4 000:123.292 - 0.189ms returns 0
T37E4 000:123.301 JLINK_CORESIGHT_WriteAPDPReg(AP reg 0x00, 0x80000002)
T37E4 000:123.470 - 0.169ms returns 0
T37E4 000:123.478 JLINK_CORESIGHT_WriteAPDPReg(AP reg 0x01, 0x80011100)
T37E4 000:123.647 - 0.169ms returns 0
T37E4 000:123.655 JLINK_CORESIGHT_WriteAPDPReg(AP reg 0x03, 0x000000A5)
T37E4 000:123.824 - 0.168ms returns 0
T37E4 000:123.832 JLINK_CORESIGHT_WriteAPDPReg(AP reg 0x00, 0x80000002)
T37E4 000:124.067 - 0.235ms returns 0
T37E4 000:124.095 JLINK_CORESIGHT_WriteAPDPReg(AP reg 0x01, 0x80011100)
T37E4 000:124.272 - 0.177ms returns 0
T37E4 000:124.279 JLINK_CORESIGHT_ReadAPDPReg(AP reg 0x03)
T37E4 000:124.513   Value=0x000000A5
T37E4 000:124.535 - 0.256ms returns 0
T37E4 000:124.552 JLINK_ClrTMS()
T37E4 000:124.622 - 0.076ms 
T37E4 000:130.118 JLINK_SetTCK()
T37E4 000:130.464 - 0.346ms returns 0
T37E4 000:136.327 JLINK_SetRESET()
T37E4 000:136.559 - 0.232ms 
T37E4 000:338.057 JLINK_CORESIGHT_WriteAPDPReg(AP reg 0x00, 0x80000002)
T37E4 000:338.316 - 0.258ms returns 0
T37E4 000:338.324 JLINK_CORESIGHT_WriteAPDPReg(AP reg 0x01, 0x80011100)
T37E4 000:338.500 - 0.175ms returns 0
T37E4 000:338.527 JLINK_CORESIGHT_ReadAPDPReg(AP reg 0x03)
T37E4 000:338.758   Value=0x00000000
T37E4 000:338.771 - 0.243ms returns 0
T37E4 000:338.781 JLINK_CORESIGHT_WriteAPDPReg(AP reg 0x00, 0x80000002)
T37E4 000:338.950 - 0.169ms returns 0
T37E4 000:338.961 JLINK_CORESIGHT_WriteAPDPReg(AP reg 0x01, 0x80011140)
T37E4 000:339.173 - 0.212ms returns 0
T37E4 000:339.185 JLINK_CORESIGHT_ReadAPDPReg(AP reg 0x03)
T37E4 000:339.405   Value=0x00000002
T37E4 000:339.416 - 0.231ms returns 0
T37E4 000:339.425 JLINK_CORESIGHT_WriteAPDPReg(AP reg 0x00, 0x80000002)
T37E4 000:339.600 - 0.175ms returns 0
T37E4 000:339.610 JLINK_CORESIGHT_WriteAPDPReg(AP reg 0x01, 0x80011120)
T37E4 000:339.778 - 0.167ms returns 0
T37E4 000:339.788 JLINK_CORESIGHT_WriteAPDPReg(AP reg 0x03, 0x00000055)
T37E4 000:339.962 - 0.175ms returns 0
T37E4 000:339.970 JLINK_CORESIGHT_WriteAPDPReg(AP reg 0x00, 0x80000002)
T37E4 000:340.174 - 0.204ms returns 0
T37E4 000:340.180 JLINK_CORESIGHT_WriteAPDPReg(AP reg 0x01, 0x80011140)
T37E4 000:340.343 - 0.163ms returns 0
T37E4 000:340.350 JLINK_CORESIGHT_ReadAPDPReg(AP reg 0x03)
T37E4 000:340.565   Value=0x00000000
T37E4 000:340.571 - 0.221ms returns 0
T37E4 000:340.577 JLINK_CORESIGHT_WriteAPDPReg(AP reg 0x00, 0x80000002)
T37E4 000:340.743 - 0.166ms returns 0
T37E4 000:340.749 JLINK_CORESIGHT_WriteAPDPReg(AP reg 0x01, 0x80011130)
T37E4 000:340.910 - 0.161ms returns 0
T37E4 000:340.916 JLINK_CORESIGHT_ReadAPDPReg(AP reg 0x03)
T37E4 000:341.146   Value=0x000000C6
T37E4 000:341.152 - 0.236ms returns 0
T37E4 000:341.163 JLINK_CORESIGHT_WriteAPDPReg(AP reg 0x00, 0x80000002)
T37E4 000:341.329 - 0.166ms returns 0
T37E4 000:341.335 JLINK_CORESIGHT_WriteAPDPReg(AP reg 0x01, 0x80011140)
T37E4 000:341.503 - 0.168ms returns 0
T37E4 000:341.509 JLINK_CORESIGHT_ReadAPDPReg(AP reg 0x03)
T37E4 000:341.727   Value=0x00000002
T37E4 000:341.733 - 0.224ms returns 0
T37E4 000:341.738 JLINK_CORESIGHT_WriteAPDPReg(AP reg 0x00, 0x80000002)
T37E4 000:341.899 - 0.161ms returns 0
T37E4 000:341.905 JLINK_CORESIGHT_WriteAPDPReg(AP reg 0x01, 0x80011120)
T37E4 000:342.064 - 0.159ms returns 0
T37E4 000:342.074 JLINK_CORESIGHT_WriteAPDPReg(AP reg 0x03, 0x3A010001)
T37E4 000:342.248 - 0.173ms returns 0
T37E4 000:342.256 JLINK_CORESIGHT_WriteAPDPReg(AP reg 0x00, 0x80000002)
T37E4 000:342.425 - 0.169ms returns 0
T37E4 000:342.433 JLINK_CORESIGHT_WriteAPDPReg(AP reg 0x01, 0x80011140)
T37E4 000:342.606 - 0.173ms returns 0
T37E4 000:342.614 JLINK_CORESIGHT_ReadAPDPReg(AP reg 0x03)
T37E4 000:342.839   Value=0x00000002
T37E4 000:342.844 - 0.229ms returns 0
T37E4 000:342.852 JLINK_CORESIGHT_WriteAPDPReg(AP reg 0x00, 0x80000002)
T37E4 000:343.068 - 0.216ms returns 0
T37E4 000:343.076 JLINK_CORESIGHT_WriteAPDPReg(AP reg 0x01, 0x80011120)
T37E4 000:343.248 - 0.172ms returns 0
T37E4 000:343.256 JLINK_CORESIGHT_WriteAPDPReg(AP reg 0x03, 0x000003C5)
T37E4 000:343.427 - 0.171ms returns 0
T37E4 000:343.435 JLINK_CORESIGHT_WriteAPDPReg(AP reg 0x00, 0x80000002)
T37E4 000:343.604 - 0.169ms returns 0
T37E4 000:343.612 JLINK_CORESIGHT_WriteAPDPReg(AP reg 0x01, 0x80011140)
T37E4 000:343.781 - 0.169ms returns 0
T37E4 000:343.790 JLINK_CORESIGHT_ReadAPDPReg(AP reg 0x03)
T37E4 000:344.086   Value=0x00000002
T37E4 000:344.125 - 0.335ms returns 0
T37E4 000:344.183 JLINK_CORESIGHT_ReadAPDPReg(AP reg 0x03)
T37E4 000:344.461   Value=0x00000002
T37E4 000:344.485 - 0.302ms returns 0
T37E4 000:344.527 JLINK_CORESIGHT_ReadAPDPReg(AP reg 0x03)
T37E4 000:344.810   Value=0x00000002
T37E4 000:344.825 - 0.299ms returns 0
T37E4 000:344.839 JLINK_CORESIGHT_ReadAPDPReg(AP reg 0x03)
T37E4 000:345.189   Value=0x00000002
T37E4 000:345.211 - 0.372ms returns 0
T37E4 000:345.231 JLINK_CORESIGHT_ReadAPDPReg(AP reg 0x03)
T37E4 000:345.508   Value=0x00000002
T37E4 000:345.540 - 0.308ms returns 0
T37E4 000:345.565 JLINK_CORESIGHT_ReadAPDPReg(AP reg 0x03)
T37E4 000:345.845   Value=0x00000002
T37E4 000:345.860 - 0.295ms returns 0
T37E4 000:345.866 JLINK_CORESIGHT_ReadAPDPReg(AP reg 0x03)
T37E4 000:346.125   Value=0x00000002
T37E4 000:346.147 - 0.280ms returns 0
T37E4 000:346.159 JLINK_CORESIGHT_ReadAPDPReg(AP reg 0x03)
T37E4 000:346.479   Value=0x00000002
T37E4 000:346.499 - 0.340ms returns 0
T37E4 000:346.510 JLINK_CORESIGHT_ReadAPDPReg(AP reg 0x03)
T37E4 000:346.804   Value=0x00000002
T37E4 000:346.829 - 0.319ms returns 0
T37E4 000:346.841 JLINK_CORESIGHT_ReadAPDPReg(AP reg 0x03)
T37E4 000:347.069   Value=0x00000002
T37E4 000:347.092 - 0.250ms returns 0
T37E4 000:347.111 JLINK_CORESIGHT_ReadAPDPReg(AP reg 0x03)
T37E4 000:347.387   Value=0x00000002
T37E4 000:347.406 - 0.295ms returns 0
T37E4 000:347.786 JLINK_CORESIGHT_ReadAPDPReg(AP reg 0x03)
T37E4 000:348.189   Value=0x00000000
T37E4 000:348.207 - 0.421ms returns 0
T37E4 000:348.215 JLINK_CORESIGHT_WriteAPDPReg(AP reg 0x00, 0x80000002)
T37E4 000:348.432 - 0.216ms returns 0
T37E4 000:348.455 JLINK_CORESIGHT_WriteAPDPReg(AP reg 0x01, 0x80011130)
T37E4 000:348.639 - 0.184ms returns 0
T37E4 000:348.660 JLINK_CORESIGHT_ReadAPDPReg(AP reg 0x03)
T37E4 000:348.894   Value=0x3A2A0081
T37E4 000:348.908 - 0.248ms returns 0
T37E4 000:348.918 JLINK_CORESIGHT_WriteAPDPReg(AP reg 0x00, 0x80000002)
T37E4 000:349.125 - 0.207ms returns 0
T37E4 000:349.133 JLINK_CORESIGHT_WriteAPDPReg(AP reg 0x01, 0x80011140)
T37E4 000:349.313 - 0.180ms returns 0
T37E4 000:349.328 JLINK_CORESIGHT_ReadAPDPReg(AP reg 0x03)
T37E4 000:349.553   Value=0x00000000
T37E4 000:349.566 - 0.239ms returns 0
T37E4 000:349.576 JLINK_CORESIGHT_WriteAPDPReg(AP reg 0x00, 0x80000002)
T37E4 000:349.756 - 0.179ms returns 0
T37E4 000:349.767 JLINK_CORESIGHT_WriteAPDPReg(AP reg 0x01, 0x80011130)
T37E4 000:349.951 - 0.183ms returns 0
T37E4 000:349.966 JLINK_CORESIGHT_ReadAPDPReg(AP reg 0x03)
T37E4 000:350.226   Value=0x808D5B00
T37E4 000:350.232 - 0.266ms returns 0
T37E4 000:350.238 JLINK_CORESIGHT_WriteAPDPReg(AP reg 0x00, 0x80000002)
T37E4 000:350.410 - 0.171ms returns 0
T37E4 000:350.415 JLINK_CORESIGHT_WriteAPDPReg(AP reg 0x01, 0x80011140)
T37E4 000:350.580 - 0.164ms returns 0
T37E4 000:350.585 JLINK_CORESIGHT_ReadAPDPReg(AP reg 0x03)
T37E4 000:350.803   Value=0x00000000
T37E4 000:350.808 - 0.223ms returns 0
T37E4 000:350.814 JLINK_CORESIGHT_WriteAPDPReg(AP reg 0x00, 0x80000002)
T37E4 000:350.974 - 0.159ms returns 0
T37E4 000:350.979 JLINK_CORESIGHT_WriteAPDPReg(AP reg 0x01, 0x80011130)
T37E4 000:351.172 - 0.192ms returns 0
T37E4 000:351.177 JLINK_CORESIGHT_ReadAPDPReg(AP reg 0x03)
T37E4 000:351.396   Value=0x0603030B
T37E4 000:351.401 - 0.223ms returns 0
T37E4 000:351.406 JLINK_CORESIGHT_WriteAPDPReg(AP reg 0x00, 0x80000002)
T37E4 000:351.570 - 0.164ms returns 0
T37E4 000:351.576 JLINK_CORESIGHT_WriteAPDPReg(AP reg 0x01, 0x80011140)
T37E4 000:351.756 - 0.179ms returns 0
T37E4 000:351.769 JLINK_CORESIGHT_ReadAPDPReg(AP reg 0x03)
T37E4 000:352.085   Value=0x00000000
T37E4 000:352.094 - 0.325ms returns 0
T37E4 000:352.101 JLINK_CORESIGHT_WriteAPDPReg(AP reg 0x00, 0x80000002)
T37E4 000:352.286 - 0.185ms returns 0
T37E4 000:352.292 JLINK_CORESIGHT_WriteAPDPReg(AP reg 0x01, 0x80011130)
T37E4 000:352.469 - 0.176ms returns 0
T37E4 000:352.487 JLINK_CORESIGHT_ReadAPDPReg(AP reg 0x03)
T37E4 000:352.724   Value=0x2E4B4E20
T37E4 000:352.738 - 0.250ms returns 0
T37E4 000:352.744 JLINK_CORESIGHT_WriteAPDPReg(AP reg 0x00, 0x80000002)
T37E4 000:352.921 - 0.176ms returns 0
T37E4 000:352.929 JLINK_CORESIGHT_WriteAPDPReg(AP reg 0x01, 0x80011140)
T37E4 000:353.098 - 0.169ms returns 0
T37E4 000:353.119 JLINK_CORESIGHT_ReadAPDPReg(AP reg 0x03)
T37E4 000:353.349   Value=0x00000000
T37E4 000:353.357 - 0.238ms returns 0
T37E4 000:353.363 JLINK_CORESIGHT_WriteAPDPReg(AP reg 0x00, 0x80000002)
T37E4 000:353.526 - 0.163ms returns 0
T37E4 000:353.532 JLINK_CORESIGHT_WriteAPDPReg(AP reg 0x01, 0x80011130)
T37E4 000:353.696 - 0.165ms returns 0
T37E4 000:353.706 JLINK_CORESIGHT_ReadAPDPReg(AP reg 0x03)
T37E4 000:353.920   Value=0x4E63C092
T37E4 000:353.926 - 0.219ms returns 0
T37E4 000:353.931 JLINK_CORESIGHT_WriteAPDPReg(AP reg 0x00, 0x80000002)
T37E4 000:354.091 - 0.160ms returns 0
T37E4 000:354.096 JLINK_CORESIGHT_WriteAPDPReg(AP reg 0x01, 0x80011140)
T37E4 000:354.260 - 0.163ms returns 0
T37E4 000:354.265 JLINK_CORESIGHT_ReadAPDPReg(AP reg 0x03)
T37E4 000:354.483   Value=0x00000000
T37E4 000:354.489 - 0.224ms returns 0
T37E4 000:354.494 JLINK_CORESIGHT_WriteAPDPReg(AP reg 0x00, 0x80000002)
T37E4 000:354.658 - 0.163ms returns 0
T37E4 000:354.663 JLINK_CORESIGHT_WriteAPDPReg(AP reg 0x01, 0x80011130)
T37E4 000:354.826 - 0.162ms returns 0
T37E4 000:354.831 JLINK_CORESIGHT_ReadAPDPReg(AP reg 0x03)
T37E4 000:355.060   Value=0x34503036
T37E4 000:355.066 - 0.235ms returns 0
T37E4 000:355.074 JLINK_CORESIGHT_WriteAPDPReg(AP reg 0x00, 0x80000002)
T37E4 000:355.245 - 0.171ms returns 0
T37E4 000:355.250 JLINK_CORESIGHT_WriteAPDPReg(AP reg 0x01, 0x80011140)
T37E4 000:355.416 - 0.166ms returns 0
T37E4 000:355.422 JLINK_CORESIGHT_ReadAPDPReg(AP reg 0x03)
T37E4 000:355.637   Value=0x00000000
T37E4 000:355.643 - 0.221ms returns 0
T37E4 000:355.649 JLINK_CORESIGHT_WriteAPDPReg(AP reg 0x00, 0x80000002)
T37E4 000:355.810 - 0.161ms returns 0
T37E4 000:355.816 JLINK_CORESIGHT_WriteAPDPReg(AP reg 0x01, 0x80011130)
T37E4 000:355.977 - 0.161ms returns 0
T37E4 000:355.983 JLINK_CORESIGHT_ReadAPDPReg(AP reg 0x03)
T37E4 000:356.222   Value=0x7E142D36
T37E4 000:356.227 - 0.244ms returns 0
T37E4 000:356.232 JLINK_CORESIGHT_WriteAPDPReg(AP reg 0x00, 0x80000002)
T37E4 000:356.391 - 0.158ms returns 0
T37E4 000:356.396 JLINK_CORESIGHT_WriteAPDPReg(AP reg 0x01, 0x80011140)
T37E4 000:356.556 - 0.160ms returns 0
T37E4 000:356.562 JLINK_CORESIGHT_ReadAPDPReg(AP reg 0x03)
T37E4 000:356.778   Value=0x00000000
T37E4 000:356.784 - 0.222ms returns 0
T37E4 000:356.789 JLINK_CORESIGHT_WriteAPDPReg(AP reg 0x00, 0x80000002)
T37E4 000:356.952 - 0.163ms returns 0
T37E4 000:356.958 JLINK_CORESIGHT_WriteAPDPReg(AP reg 0x01, 0x80011130)
T37E4 000:357.170 - 0.212ms returns 0
T37E4 000:357.179 JLINK_CORESIGHT_ReadAPDPReg(AP reg 0x03)
T37E4 000:357.400   Value=0x4637528E
T37E4 000:357.406 - 0.226ms returns 0
T37E4 000:357.414 JLINK_CORESIGHT_WriteAPDPReg(AP reg 0x00, 0x80000002)
T37E4 000:357.582 - 0.168ms returns 0
T37E4 000:357.590 JLINK_CORESIGHT_WriteAPDPReg(AP reg 0x01, 0x80011140)
T37E4 000:357.778 - 0.187ms returns 0
T37E4 000:357.786 JLINK_CORESIGHT_ReadAPDPReg(AP reg 0x03)
T37E4 000:358.060   Value=0x00000000
T37E4 000:358.065 - 0.279ms returns 0
T37E4 000:358.073 JLINK_CORESIGHT_WriteAPDPReg(AP reg 0x00, 0x80000002)
T37E4 000:358.235 - 0.162ms returns 0
T37E4 000:358.243 JLINK_CORESIGHT_WriteAPDPReg(AP reg 0x01, 0x80011130)
T37E4 000:358.413 - 0.169ms returns 0
T37E4 000:358.421 JLINK_CORESIGHT_ReadAPDPReg(AP reg 0x03)
T37E4 000:358.639   Value=0x314D3841
T37E4 000:358.645 - 0.224ms returns 0
T37E4 000:358.652 JLINK_CORESIGHT_WriteAPDPReg(AP reg 0x00, 0x80000002)
T37E4 000:358.824 - 0.172ms returns 0
T37E4 000:358.832 JLINK_CORESIGHT_WriteAPDPReg(AP reg 0x01, 0x80011140)
T37E4 000:359.060 - 0.228ms returns 0
T37E4 000:359.068 JLINK_CORESIGHT_ReadAPDPReg(AP reg 0x03)
T37E4 000:359.299   Value=0x00000000
T37E4 000:359.320 - 0.251ms returns 0
T37E4 000:359.339 JLINK_CORESIGHT_WriteAPDPReg(AP reg 0x00, 0x80000002)
T37E4 000:359.520 - 0.181ms returns 0
T37E4 000:359.545 JLINK_CORESIGHT_WriteAPDPReg(AP reg 0x01, 0x80011130)
T37E4 000:359.734 - 0.190ms returns 0
T37E4 000:359.747 JLINK_CORESIGHT_ReadAPDPReg(AP reg 0x03)
T37E4 000:359.986   Value=0x43454841
T37E4 000:359.999 - 0.252ms returns 0
T37E4 000:360.009 JLINK_CORESIGHT_WriteAPDPReg(AP reg 0x00, 0x80000002)
T37E4 000:360.186 - 0.176ms returns 0
T37E4 000:360.196 JLINK_CORESIGHT_WriteAPDPReg(AP reg 0x01, 0x80011140)
T37E4 000:360.370 - 0.174ms returns 0
T37E4 000:360.379 JLINK_CORESIGHT_ReadAPDPReg(AP reg 0x03)
T37E4 000:360.655   Value=0x00000000
T37E4 000:360.663 - 0.284ms returns 0
T37E4 000:360.671 JLINK_CORESIGHT_WriteAPDPReg(AP reg 0x00, 0x80000002)
T37E4 000:360.862 - 0.190ms returns 0
T37E4 000:360.890 JLINK_CORESIGHT_WriteAPDPReg(AP reg 0x01, 0x80011130)
T37E4 000:361.104 - 0.214ms returns 0
T37E4 000:361.133 JLINK_CORESIGHT_ReadAPDPReg(AP reg 0x03)
T37E4 000:361.368   Value=0x20204442
T37E4 000:361.379 - 0.246ms returns 0
T37E4 000:361.388 JLINK_CORESIGHT_WriteAPDPReg(AP reg 0x00, 0x80000002)
T37E4 000:361.595 - 0.205ms returns 0
T37E4 000:361.630 JLINK_CORESIGHT_WriteAPDPReg(AP reg 0x01, 0x80011140)
T37E4 000:363.090 - 1.459ms returns 0
T37E4 000:363.596 JLINK_CORESIGHT_ReadAPDPReg(AP reg 0x03)
T37E4 000:364.074   Value=0x00000000
T37E4 000:364.128 - 0.531ms returns 0
T37E4 000:364.141 JLINK_CORESIGHT_WriteAPDPReg(AP reg 0x00, 0x80000002)
T37E4 000:364.384 - 0.241ms returns 0
T37E4 000:364.410 JLINK_CORESIGHT_WriteAPDPReg(AP reg 0x01, 0x80011130)
T37E4 000:364.745 - 0.334ms returns 0
T37E4 000:364.766 JLINK_CORESIGHT_ReadAPDPReg(AP reg 0x03)
T37E4 000:365.067   Value=0x00030920
T37E4 000:365.083 - 0.316ms returns 0
T37E4 000:365.156 JLINK_CORESIGHT_WriteAPDPReg(AP reg 0x00, 0x80000002)
T37E4 000:365.336 - 0.180ms returns 0
T37E4 000:365.352 JLINK_CORESIGHT_WriteAPDPReg(AP reg 0x01, 0x80011140)
T37E4 000:365.583 - 0.231ms returns 0
T37E4 000:365.594 JLINK_CORESIGHT_ReadAPDPReg(AP reg 0x03)
T37E4 000:365.875   Value=0x00000002
T37E4 000:365.884 - 0.290ms returns 0
T37E4 000:365.891 JLINK_CORESIGHT_WriteAPDPReg(AP reg 0x00, 0x80000002)
T37E4 000:366.118 - 0.226ms returns 0
T37E4 000:366.142 JLINK_CORESIGHT_WriteAPDPReg(AP reg 0x01, 0x80011120)
T37E4 000:366.405 - 0.263ms returns 0
T37E4 000:366.419 JLINK_CORESIGHT_WriteAPDPReg(AP reg 0x03, 0x2C010001)
T37E4 000:366.674 - 0.255ms returns 0
T37E4 000:366.687 JLINK_CORESIGHT_WriteAPDPReg(AP reg 0x00, 0x80000002)
T37E4 000:366.920 - 0.232ms returns 0
T37E4 000:366.945 JLINK_CORESIGHT_WriteAPDPReg(AP reg 0x01, 0x80011140)
T37E4 000:367.194 - 0.248ms returns 0
T37E4 000:367.208 JLINK_CORESIGHT_ReadAPDPReg(AP reg 0x03)
T37E4 000:367.466   Value=0x00000002
T37E4 000:367.491 - 0.282ms returns 0
T37E4 000:367.503 JLINK_CORESIGHT_WriteAPDPReg(AP reg 0x00, 0x80000002)
T37E4 000:367.711 - 0.208ms returns 0
T37E4 000:367.729 JLINK_CORESIGHT_WriteAPDPReg(AP reg 0x01, 0x80011120)
T37E4 000:367.956 - 0.226ms returns 0
T37E4 000:367.977 JLINK_CORESIGHT_WriteAPDPReg(AP reg 0x03, 0x000003D3)
T37E4 000:368.183 - 0.206ms returns 0
T37E4 000:368.208 JLINK_CORESIGHT_WriteAPDPReg(AP reg 0x00, 0x80000002)
T37E4 000:368.437 - 0.228ms returns 0
T37E4 000:368.450 JLINK_CORESIGHT_WriteAPDPReg(AP reg 0x01, 0x80011140)
T37E4 000:368.628 - 0.177ms returns 0
T37E4 000:368.648 JLINK_CORESIGHT_ReadAPDPReg(AP reg 0x03)
T37E4 000:368.893   Value=0x00000002
T37E4 000:368.907 - 0.259ms returns 0
T37E4 000:368.917 JLINK_CORESIGHT_ReadAPDPReg(AP reg 0x03)
T37E4 000:369.152   Value=0x00000002
T37E4 000:369.166 - 0.249ms returns 0
T37E4 000:369.176 JLINK_CORESIGHT_ReadAPDPReg(AP reg 0x03)
T37E4 000:369.409   Value=0x00000002
T37E4 000:369.422 - 0.246ms returns 0
T37E4 000:369.431 JLINK_CORESIGHT_ReadAPDPReg(AP reg 0x03)
T37E4 000:369.670   Value=0x00000002
T37E4 000:369.682 - 0.251ms returns 0
T37E4 000:369.691 JLINK_CORESIGHT_ReadAPDPReg(AP reg 0x03)
T37E4 000:369.925   Value=0x00000002
T37E4 000:369.938 - 0.246ms returns 0
T37E4 000:369.947 JLINK_CORESIGHT_ReadAPDPReg(AP reg 0x03)
T37E4 000:370.178   Value=0x00000002
T37E4 000:370.192 - 0.244ms returns 0
T37E4 000:370.202 JLINK_CORESIGHT_ReadAPDPReg(AP reg 0x03)
T37E4 000:370.466   Value=0x00000002
T37E4 000:370.481 - 0.279ms returns 0
T37E4 000:370.488 JLINK_CORESIGHT_ReadAPDPReg(AP reg 0x03)
T37E4 000:370.727   Value=0x00000002
T37E4 000:370.748 - 0.259ms returns 0
T37E4 000:370.759 JLINK_CORESIGHT_ReadAPDPReg(AP reg 0x03)
T37E4 000:370.993   Value=0x00000002
T37E4 000:371.001 - 0.241ms returns 0
T37E4 000:371.007 JLINK_CORESIGHT_ReadAPDPReg(AP reg 0x03)
T37E4 000:371.250   Value=0x00000002
T37E4 000:371.274 - 0.267ms returns 0
T37E4 000:371.280 JLINK_CORESIGHT_ReadAPDPReg(AP reg 0x03)
T37E4 000:371.504   Value=0x00000002
T37E4 000:371.510 - 0.229ms returns 0
T37E4 000:371.515 JLINK_CORESIGHT_ReadAPDPReg(AP reg 0x03)
T37E4 000:371.735   Value=0x00000002
T37E4 000:371.741 - 0.226ms returns 0
T37E4 000:371.746 JLINK_CORESIGHT_ReadAPDPReg(AP reg 0x03)
T37E4 000:371.962   Value=0x00000002
T37E4 000:371.968 - 0.222ms returns 0
T37E4 000:371.973 JLINK_CORESIGHT_ReadAPDPReg(AP reg 0x03)
T37E4 000:372.223   Value=0x00000002
T37E4 000:372.229 - 0.255ms returns 0
T37E4 000:372.234 JLINK_CORESIGHT_ReadAPDPReg(AP reg 0x03)
T37E4 000:372.449   Value=0x00000000
T37E4 000:372.455 - 0.221ms returns 0
T37E4 000:372.460 JLINK_CORESIGHT_WriteAPDPReg(AP reg 0x00, 0x80000002)
T37E4 000:372.624 - 0.164ms returns 0
T37E4 000:372.630 JLINK_CORESIGHT_WriteAPDPReg(AP reg 0x01, 0x80011130)
T37E4 000:372.795 - 0.165ms returns 0
T37E4 000:372.801 JLINK_CORESIGHT_ReadAPDPReg(AP reg 0x03)
T37E4 000:373.061   Value=0x2C020081
T37E4 000:373.067 - 0.265ms returns 0
T37E4 000:373.072 JLINK_CORESIGHT_WriteAPDPReg(AP reg 0x00, 0x80000002)
T37E4 000:373.235 - 0.163ms returns 0
T37E4 000:373.241 JLINK_CORESIGHT_WriteAPDPReg(AP reg 0x01, 0x80011140)
T37E4 000:373.400 - 0.159ms returns 0
T37E4 000:373.406 JLINK_CORESIGHT_ReadAPDPReg(AP reg 0x03)
T37E4 000:373.623   Value=0x00000000
T37E4 000:373.629 - 0.223ms returns 0
T37E4 000:373.634 JLINK_CORESIGHT_WriteAPDPReg(AP reg 0x00, 0x80000002)
T37E4 000:373.794 - 0.159ms returns 0
T37E4 000:373.799 JLINK_CORESIGHT_WriteAPDPReg(AP reg 0x01, 0x80011130)
T37E4 000:373.962 - 0.163ms returns 0
T37E4 000:373.973 JLINK_CORESIGHT_ReadAPDPReg(AP reg 0x03)
T37E4 000:374.249   Value=0x0003CE04
T37E4 000:374.266 - 0.293ms returns 0
T37E4 000:374.625 JLINK_CORESIGHT_WriteAPDPReg(AP reg 0x00, 0x80000002)
T37E4 000:374.818 - 0.193ms returns 0
T37E4 000:374.834 JLINK_CORESIGHT_WriteAPDPReg(AP reg 0x01, 0x80011140)
T37E4 000:375.064 - 0.231ms returns 0
T37E4 000:375.073 JLINK_CORESIGHT_ReadAPDPReg(AP reg 0x03)
T37E4 000:375.290   Value=0x00000002
T37E4 000:375.296 - 0.223ms returns 0
T37E4 000:375.301 JLINK_CORESIGHT_WriteAPDPReg(AP reg 0x00, 0x80000002)
T37E4 000:375.467 - 0.166ms returns 0
T37E4 000:375.473 JLINK_CORESIGHT_WriteAPDPReg(AP reg 0x01, 0x80011120)
T37E4 000:375.637 - 0.164ms returns 0
T37E4 000:375.643 JLINK_CORESIGHT_WriteAPDPReg(AP reg 0x03, 0x73010001)
T37E4 000:375.810 - 0.167ms returns 0
T37E4 000:375.816 JLINK_CORESIGHT_WriteAPDPReg(AP reg 0x00, 0x80000002)
T37E4 000:375.985 - 0.168ms returns 0
T37E4 000:376.005 JLINK_CORESIGHT_WriteAPDPReg(AP reg 0x01, 0x80011140)
T37E4 000:376.179 - 0.174ms returns 0
T37E4 000:376.191 JLINK_CORESIGHT_ReadAPDPReg(AP reg 0x03)
T37E4 000:376.424   Value=0x00000002
T37E4 000:376.430 - 0.239ms returns 0
T37E4 000:376.439 JLINK_CORESIGHT_WriteAPDPReg(AP reg 0x00, 0x80000002)
T37E4 000:376.610 - 0.171ms returns 0
T37E4 000:376.618 JLINK_CORESIGHT_WriteAPDPReg(AP reg 0x01, 0x80011120)
T37E4 000:376.789 - 0.170ms returns 0
T37E4 000:376.797 JLINK_CORESIGHT_WriteAPDPReg(AP reg 0x03, 0x0000038C)
T37E4 000:376.966 - 0.169ms returns 0
T37E4 000:376.974 JLINK_CORESIGHT_WriteAPDPReg(AP reg 0x00, 0x80000002)
T37E4 000:377.171 - 0.196ms returns 0
T37E4 000:377.179 JLINK_CORESIGHT_WriteAPDPReg(AP reg 0x01, 0x80011140)
T37E4 000:377.378 - 0.199ms returns 0
T37E4 000:377.387 JLINK_CORESIGHT_ReadAPDPReg(AP reg 0x03)
T37E4 000:377.642   Value=0x00000000
T37E4 000:377.663 - 0.275ms returns 0
T37E4 000:377.686 JLINK_CORESIGHT_WriteAPDPReg(AP reg 0x00, 0x80000002)
T37E4 000:377.888 - 0.201ms returns 0
T37E4 000:377.911 JLINK_CORESIGHT_WriteAPDPReg(AP reg 0x01, 0x80011130)
T37E4 000:378.113 - 0.202ms returns 0
T37E4 000:378.128 JLINK_CORESIGHT_ReadAPDPReg(AP reg 0x03)
T37E4 000:378.386   Value=0x73020081
T37E4 000:378.407 - 0.278ms returns 0
T37E4 000:378.418 JLINK_CORESIGHT_WriteAPDPReg(AP reg 0x00, 0x80000002)
T37E4 000:378.632 - 0.213ms returns 0
T37E4 000:378.662 JLINK_CORESIGHT_WriteAPDPReg(AP reg 0x01, 0x80011140)
T37E4 000:378.954 - 0.292ms returns 0
T37E4 000:378.982 JLINK_CORESIGHT_ReadAPDPReg(AP reg 0x03)
T37E4 000:379.247   Value=0x00000000
T37E4 000:379.267 - 0.285ms returns 0
T37E4 000:379.280 JLINK_CORESIGHT_WriteAPDPReg(AP reg 0x00, 0x80000002)
T37E4 000:379.474 - 0.194ms returns 0
T37E4 000:379.496 JLINK_CORESIGHT_WriteAPDPReg(AP reg 0x01, 0x80011130)
T37E4 000:379.689 - 0.193ms returns 0
T37E4 000:379.718 JLINK_CORESIGHT_ReadAPDPReg(AP reg 0x03)
T37E4 000:380.033   Value=0x00038902
T37E4 000:380.052 - 0.334ms returns 0
T37E4 000:380.065 JLINK_CORESIGHT_WriteAPDPReg(AP reg 0x00, 0x80000002)
T37E4 000:380.311 - 0.244ms returns 0
T37E4 000:380.339 JLINK_CORESIGHT_WriteAPDPReg(AP reg 0x01, 0x80011140)
T37E4 000:380.582 - 0.242ms returns 0
T37E4 000:380.605 JLINK_CORESIGHT_ReadAPDPReg(AP reg 0x03)
T37E4 000:380.886   Value=0x00000002
T37E4 000:380.908 - 0.302ms returns 0
T37E4 000:380.922 JLINK_CORESIGHT_WriteAPDPReg(AP reg 0x00, 0x80000002)
T37E4 000:381.199 - 0.277ms returns 0
T37E4 000:381.215 JLINK_CORESIGHT_WriteAPDPReg(AP reg 0x01, 0x80011120)
T37E4 000:381.416 - 0.201ms returns 0
T37E4 000:381.440 JLINK_CORESIGHT_WriteAPDPReg(AP reg 0x03, 0x75010001)
T37E4 000:381.753 - 0.313ms returns 0
T37E4 000:381.764 JLINK_CORESIGHT_WriteAPDPReg(AP reg 0x00, 0x80000002)
T37E4 000:381.946 - 0.182ms returns 0
T37E4 000:381.952 JLINK_CORESIGHT_WriteAPDPReg(AP reg 0x01, 0x80011140)
T37E4 000:382.181 - 0.228ms returns 0
T37E4 000:382.205 JLINK_CORESIGHT_ReadAPDPReg(AP reg 0x03)
T37E4 000:382.477   Value=0x00000002
T37E4 000:382.488 - 0.283ms returns 0
T37E4 000:382.495 JLINK_CORESIGHT_WriteAPDPReg(AP reg 0x00, 0x80000002)
T37E4 000:382.671 - 0.177ms returns 0
T37E4 000:382.677 JLINK_CORESIGHT_WriteAPDPReg(AP reg 0x01, 0x80011120)
T37E4 000:382.842 - 0.165ms returns 0
T37E4 000:382.849 JLINK_CORESIGHT_WriteAPDPReg(AP reg 0x03, 0x0000038A)
T37E4 000:383.062 - 0.213ms returns 0
T37E4 000:383.068 JLINK_CORESIGHT_WriteAPDPReg(AP reg 0x00, 0x80000002)
T37E4 000:383.235 - 0.167ms returns 0
T37E4 000:383.241 JLINK_CORESIGHT_WriteAPDPReg(AP reg 0x01, 0x80011140)
T37E4 000:383.401 - 0.160ms returns 0
T37E4 000:383.407 JLINK_CORESIGHT_ReadAPDPReg(AP reg 0x03)
T37E4 000:383.623   Value=0x00000002
T37E4 000:383.629 - 0.221ms returns 0
T37E4 000:383.634 JLINK_CORESIGHT_ReadAPDPReg(AP reg 0x03)
T37E4 000:383.849   Value=0x00000000
T37E4 000:383.855 - 0.221ms returns 0
T37E4 000:383.860 JLINK_CORESIGHT_WriteAPDPReg(AP reg 0x00, 0x80000002)
T37E4 000:384.061 - 0.201ms returns 0
T37E4 000:384.072 JLINK_CORESIGHT_WriteAPDPReg(AP reg 0x01, 0x80011130)
T37E4 000:384.244 - 0.172ms returns 0
T37E4 000:384.252 JLINK_CORESIGHT_ReadAPDPReg(AP reg 0x03)
T37E4 000:384.473   Value=0x75020081
T37E4 000:384.479 - 0.227ms returns 0
T37E4 000:384.486 JLINK_CORESIGHT_WriteAPDPReg(AP reg 0x00, 0x80000002)
T37E4 000:384.655 - 0.168ms returns 0
T37E4 000:384.663 JLINK_CORESIGHT_WriteAPDPReg(AP reg 0x01, 0x80011140)
T37E4 000:384.836 - 0.173ms returns 0
T37E4 000:384.844 JLINK_CORESIGHT_ReadAPDPReg(AP reg 0x03)
T37E4 000:385.061   Value=0x00000000
T37E4 000:385.067 - 0.223ms returns 0
T37E4 000:385.075 JLINK_CORESIGHT_WriteAPDPReg(AP reg 0x00, 0x80000002)
T37E4 000:385.245 - 0.170ms returns 0
T37E4 000:385.253 JLINK_CORESIGHT_WriteAPDPReg(AP reg 0x01, 0x80011130)
T37E4 000:385.421 - 0.168ms returns 0
T37E4 000:385.428 JLINK_CORESIGHT_ReadAPDPReg(AP reg 0x03)
T37E4 000:385.649   Value=0x00038702
T37E4 000:385.655 - 0.227ms returns 0
T37E4 000:385.986 JLINK_CORESIGHT_WriteAPDPReg(AP reg 0x00, 0x80000002)
T37E4 000:386.172 - 0.186ms returns 0
T37E4 000:386.177 JLINK_CORESIGHT_WriteAPDPReg(AP reg 0x01, 0x80011140)
T37E4 000:386.342 - 0.164ms returns 0
T37E4 000:386.348 JLINK_CORESIGHT_ReadAPDPReg(AP reg 0x03)
T37E4 000:386.566   Value=0x00000002
T37E4 000:386.572 - 0.224ms returns 0
T37E4 000:386.577 JLINK_CORESIGHT_WriteAPDPReg(AP reg 0x00, 0x80000002)
T37E4 000:386.743 - 0.165ms returns 0
T37E4 000:386.767 JLINK_CORESIGHT_WriteAPDPReg(AP reg 0x01, 0x80011120)
T37E4 000:386.963 - 0.195ms returns 0
T37E4 000:386.979 JLINK_CORESIGHT_WriteAPDPReg(AP reg 0x03, 0x4F010001)
T37E4 000:387.174 - 0.194ms returns 0
T37E4 000:387.182 JLINK_CORESIGHT_WriteAPDPReg(AP reg 0x00, 0x80000002)
T37E4 000:387.353 - 0.170ms returns 0
T37E4 000:387.361 JLINK_CORESIGHT_WriteAPDPReg(AP reg 0x01, 0x80011140)
T37E4 000:387.530 - 0.168ms returns 0
T37E4 000:387.538 JLINK_CORESIGHT_ReadAPDPReg(AP reg 0x03)
T37E4 000:387.761   Value=0x00000002
T37E4 000:387.767 - 0.229ms returns 0
T37E4 000:387.775 JLINK_CORESIGHT_WriteAPDPReg(AP reg 0x00, 0x80000002)
T37E4 000:387.944 - 0.169ms returns 0
T37E4 000:387.952 JLINK_CORESIGHT_WriteAPDPReg(AP reg 0x01, 0x80011120)
T37E4 000:388.171 - 0.218ms returns 0
T37E4 000:388.179 JLINK_CORESIGHT_WriteAPDPReg(AP reg 0x03, 0x000003B0)
T37E4 000:388.348 - 0.169ms returns 0
T37E4 000:388.356 JLINK_CORESIGHT_WriteAPDPReg(AP reg 0x00, 0x80000002)
T37E4 000:388.525 - 0.169ms returns 0
T37E4 000:388.533 JLINK_CORESIGHT_WriteAPDPReg(AP reg 0x01, 0x80011140)
T37E4 000:388.703 - 0.170ms returns 0
T37E4 000:388.711 JLINK_CORESIGHT_ReadAPDPReg(AP reg 0x03)
T37E4 000:388.934   Value=0x00000002
T37E4 000:388.940 - 0.228ms returns 0
T37E4 000:388.947 JLINK_CORESIGHT_ReadAPDPReg(AP reg 0x03)
T37E4 000:389.223   Value=0x00000002
T37E4 000:389.239 - 0.291ms returns 0
T37E4 000:389.261 JLINK_CORESIGHT_ReadAPDPReg(AP reg 0x03)
T37E4 000:389.514   Value=0x00000002
T37E4 000:389.542 - 0.281ms returns 0
T37E4 000:389.555 JLINK_CORESIGHT_ReadAPDPReg(AP reg 0x03)
T37E4 000:389.797   Value=0x00000002
T37E4 000:389.809 - 0.254ms returns 0
T37E4 000:389.815 JLINK_CORESIGHT_ReadAPDPReg(AP reg 0x03)
T37E4 000:390.062   Value=0x00000002
T37E4 000:390.068 - 0.252ms returns 0
T37E4 000:390.073 JLINK_CORESIGHT_ReadAPDPReg(AP reg 0x03)
T37E4 000:390.290   Value=0x00000002
T37E4 000:390.296 - 0.223ms returns 0
T37E4 000:390.301 JLINK_CORESIGHT_ReadAPDPReg(AP reg 0x03)
T37E4 000:390.513   Value=0x00000002
T37E4 000:390.519 - 0.217ms returns 0
T37E4 000:390.524 JLINK_CORESIGHT_ReadAPDPReg(AP reg 0x03)
T37E4 000:390.743   Value=0x00000000
T37E4 000:390.749 - 0.224ms returns 0
T37E4 000:390.754 JLINK_CORESIGHT_WriteAPDPReg(AP reg 0x00, 0x80000002)
T37E4 000:390.922 - 0.167ms returns 0
T37E4 000:390.928 JLINK_CORESIGHT_WriteAPDPReg(AP reg 0x01, 0x80011130)
T37E4 000:391.092 - 0.164ms returns 0
T37E4 000:391.097 JLINK_CORESIGHT_ReadAPDPReg(AP reg 0x03)
T37E4 000:391.310   Value=0x4F0B0081
T37E4 000:391.316 - 0.218ms returns 0
T37E4 000:391.321 JLINK_CORESIGHT_WriteAPDPReg(AP reg 0x00, 0x80000002)
T37E4 000:391.485 - 0.163ms returns 0
T37E4 000:391.490 JLINK_CORESIGHT_WriteAPDPReg(AP reg 0x01, 0x80011140)
T37E4 000:391.657 - 0.166ms returns 0
T37E4 000:391.663 JLINK_CORESIGHT_ReadAPDPReg(AP reg 0x03)
T37E4 000:391.879   Value=0x00000000
T37E4 000:391.885 - 0.222ms returns 0
T37E4 000:391.890 JLINK_CORESIGHT_WriteAPDPReg(AP reg 0x00, 0x80000002)
T37E4 000:392.061 - 0.171ms returns 0
T37E4 000:392.067 JLINK_CORESIGHT_WriteAPDPReg(AP reg 0x01, 0x80011130)
T37E4 000:392.227 - 0.160ms returns 0
T37E4 000:392.233 JLINK_CORESIGHT_ReadAPDPReg(AP reg 0x03)
T37E4 000:392.458   Value=0x20000000
T37E4 000:392.476 - 0.243ms returns 0
T37E4 000:392.488 JLINK_CORESIGHT_WriteAPDPReg(AP reg 0x00, 0x80000002)
T37E4 000:392.672 - 0.184ms returns 0
T37E4 000:392.687 JLINK_CORESIGHT_WriteAPDPReg(AP reg 0x01, 0x80011140)
T37E4 000:392.871 - 0.183ms returns 0
T37E4 000:392.885 JLINK_CORESIGHT_ReadAPDPReg(AP reg 0x03)
T37E4 000:393.150   Value=0x00000000
T37E4 000:393.162 - 0.277ms returns 0
T37E4 000:393.172 JLINK_CORESIGHT_WriteAPDPReg(AP reg 0x00, 0x80000002)
T37E4 000:393.356 - 0.183ms returns 0
T37E4 000:393.365 JLINK_CORESIGHT_WriteAPDPReg(AP reg 0x01, 0x80011130)
T37E4 000:393.534 - 0.168ms returns 0
T37E4 000:393.539 JLINK_CORESIGHT_ReadAPDPReg(AP reg 0x03)
T37E4 000:393.757   Value=0x00000000
T37E4 000:393.763 - 0.223ms returns 0
T37E4 000:393.768 JLINK_CORESIGHT_WriteAPDPReg(AP reg 0x00, 0x80000002)
T37E4 000:393.934 - 0.165ms returns 0
T37E4 000:393.939 JLINK_CORESIGHT_WriteAPDPReg(AP reg 0x01, 0x80011140)
T37E4 000:394.184 - 0.244ms returns 0
T37E4 000:394.192 JLINK_CORESIGHT_ReadAPDPReg(AP reg 0x03)
T37E4 000:394.467   Value=0x00000000
T37E4 000:394.490 - 0.297ms returns 0
T37E4 000:394.502 JLINK_CORESIGHT_WriteAPDPReg(AP reg 0x00, 0x80000002)
T37E4 000:394.709 - 0.206ms returns 0
T37E4 000:394.724 JLINK_CORESIGHT_WriteAPDPReg(AP reg 0x01, 0x80011130)
T37E4 000:395.012 - 0.287ms returns 0
T37E4 000:395.032 JLINK_CORESIGHT_ReadAPDPReg(AP reg 0x03)
T37E4 000:395.329   Value=0x03860000
T37E4 000:395.346 - 0.314ms returns 0
T37E4 000:395.417 JLINK_CORESIGHT_ReadAPDPReg(DP reg 0x01)
T37E4 000:395.657   Value=0xF0000F40
T37E4 000:395.683 - 0.265ms returns 0
T37E4 000:395.696 JLINK_CORESIGHT_WriteAPDPReg(DP reg 0x01, 0xA0000F40)
T37E4 000:395.887 - 0.190ms returns 0
T37E4 000:395.916 JLINK_CORESIGHT_ReadAPDPReg(DP reg 0x01)
T37E4 000:396.178   Value=0x00000F40
T37E4 000:396.192 - 0.275ms returns 0
T37E4 000:396.209 JLINK_ClrRESET()
T37E4 000:396.478 - 0.268ms 
T37E4 000:514.978 JLINK_Close()
T37E4 000:529.211 - 14.232ms
T37E4 000:529.311   
T37E4 000:529.321   Closed
