T3534 000:000.466   SEGGER J-Link V8.58 Log File
T3534 000:000.578   DLL Compiled: Aug  6 2025 12:29:52
T3534 000:000.583   Logging started @ 2025-10-07 05:56
T3534 000:000.587   Process: C:\Users\honda\.eclipse\com.renesas.platform_544557474\DebugComp\RA\e2-server-gdb.exe
T3534 000:000.595 - 0.590ms 
T3534 000:000.606 JLINK_GetDLLVersion()
T3534 000:000.611 - 0.005ms returns 85800
T3534 000:002.410 JLINK_OpenEx(...)
T3534 000:009.066   Firmware: J-Link OB-RA4M2 compiled Jul  8 2025 10:15:56
T3534 000:009.578   Firmware: J-Link OB-RA4M2 compiled Jul  8 2025 10:15:56
T3534 000:023.217   Hardware: V1.00
T3534 000:023.242   S/N: 1082335064
T3534 000:023.248   OEM: SEGGER
T3534 000:023.253   Feature(s): None
T3534 000:023.720   Bootloader: 2021 May 14
T3534 000:024.061   USB speed mode: Full speed (12 MBit/s)
T3534 000:024.393   TELNET listener socket opened on port 19021
T3534 000:024.513   WEBSRV WEBSRV_Init(): Starting webserver thread(s)
T3534 000:024.676   WEBSRV Webserver running on local port 19080
T3534 000:024.762   Looking for J-Link GUI Server exe at: C:\Users\honda\.eclipse\com.renesas.platform_544557474\DebugComp\RA\ARM\Segger_v8.58.0\JLinkGUIServer.exe
T3534 000:024.824   Looking for J-Link GUI Server exe at: C:\Program Files\SEGGER\JLink_V810\JLinkGUIServer.exe
T3534 000:024.850   Forking J-Link GUI Server: C:\Program Files\SEGGER\JLink_V810\JLinkGUIServer.exe
T3534 000:054.179   J-Link GUI Server info: "J-Link GUI server V8.10 "
T3534 000:060.686 - 58.270ms returns "O.K."
T3534 000:060.810 JLINK_TIF_Select(JLINKARM_TIF_SWD)
T3534 000:061.360 - 0.551ms returns 0x00
T3534 000:061.412 JLINK_ClrRESET()
T3534 000:061.622 - 0.208ms 
T5618 000:061.682 JLINK_ExecCommand("SetRTTSearchRanges 0x22000000 0x80000", ...). 
T5618 000:061.851 - 0.129ms returns 0x00
T3534 000:112.216 JLINK_SetSpeed(1500)
T3534 000:112.423 - 0.223ms 
T3534 000:112.449 JLINK_CORESIGHT_Configure(PerformTIFInit=0)
T3534 000:112.808 - 0.357ms returns 0
T3534 000:112.850 JLINK_CORESIGHT_ReadAPDPReg(DP reg 0x00)
T3534 000:113.298   Value=0x6BA02477
T3534 000:113.316 - 0.469ms returns 0
T3534 000:113.707 JLINK_CORESIGHT_WriteAPDPReg(DP reg 0x00, 0x0000001F)
T3534 000:113.948 - 0.240ms returns 0
T3534 000:113.977 JLINK_CORESIGHT_ReadAPDPReg(DP reg 0x00)
T3534 000:114.344   Value=0x6BA02477
T3534 000:114.373 - 0.396ms returns 0
T3534 000:114.387 JLINK_CORESIGHT_WriteAPDPReg(DP reg 0x02, 0x00000000)
T3534 000:114.660 - 0.272ms returns 0
T3534 000:114.688 JLINK_CORESIGHT_WriteAPDPReg(DP reg 0x01, 0x50000000)
T3534 000:114.958 - 0.270ms returns 0
T3534 000:115.002 JLINK_CORESIGHT_ReadAPDPReg(DP reg 0x01)
T3534 000:115.298   Value=0xF0000040
T3534 000:115.328 - 0.325ms returns 0
T3534 000:115.341 JLINK_CORESIGHT_WriteAPDPReg(DP reg 0x00, 0x0000001F)
T3534 000:115.545 - 0.204ms returns 0
T3534 000:115.560 JLINK_CORESIGHT_ReadAPDPReg(DP reg 0x00)
T3534 000:115.876   Value=0x6BA02477
T3534 000:115.903 - 0.342ms returns 0
T3534 000:115.915 JLINK_CORESIGHT_WriteAPDPReg(DP reg 0x01, 0x54000000)
T3534 000:116.172 - 0.256ms returns 0
T3534 000:116.190 JLINK_CORESIGHT_WriteAPDPReg(DP reg 0x01, 0x50000F00)
T3534 000:116.387 - 0.197ms returns 0
T3534 000:116.404 JLINK_CORESIGHT_WriteAPDPReg(DP reg 0x02, 0x01000000)
T3534 000:116.579 - 0.175ms returns 0
T3534 000:116.585 JLINK_CORESIGHT_WriteAPDPReg(AP reg 0x00, 0x80000002)
T3534 000:116.747 - 0.162ms returns 0
T3534 000:116.753 JLINK_CORESIGHT_WriteAPDPReg(AP reg 0x01, 0x80011100)
T3534 000:116.918 - 0.165ms returns 0
T3534 000:116.924 JLINK_CORESIGHT_WriteAPDPReg(AP reg 0x03, 0x000000A5)
T3534 000:117.153 - 0.229ms returns 0
T3534 000:117.159 JLINK_CORESIGHT_WriteAPDPReg(AP reg 0x00, 0x80000002)
T3534 000:117.342 - 0.183ms returns 0
T3534 000:117.348 JLINK_CORESIGHT_WriteAPDPReg(AP reg 0x01, 0x80011100)
T3534 000:117.513 - 0.165ms returns 0
T3534 000:117.518 JLINK_CORESIGHT_ReadAPDPReg(AP reg 0x03)
T3534 000:117.736   Value=0x000000A5
T3534 000:117.742 - 0.223ms returns 0
T3534 000:117.755 JLINK_ClrTMS()
T3534 000:117.802 - 0.054ms 
T3534 000:123.580 JLINK_SetTCK()
T3534 000:123.831 - 0.251ms returns 0
T3534 000:129.282 JLINK_SetRESET()
T3534 000:129.442 - 0.158ms 
T3534 000:329.872 JLINK_CORESIGHT_WriteAPDPReg(AP reg 0x00, 0x80000002)
T3534 000:330.198 - 0.326ms returns 0
T3534 000:330.209 JLINK_CORESIGHT_WriteAPDPReg(AP reg 0x01, 0x80011100)
T3534 000:330.454 - 0.243ms returns 0
T3534 000:330.509 JLINK_CORESIGHT_ReadAPDPReg(AP reg 0x03)
T3534 000:330.803   Value=0x00000000
T3534 000:330.841 - 0.333ms returns 0
T3534 000:330.855 JLINK_CORESIGHT_WriteAPDPReg(AP reg 0x00, 0x80000002)
T3534 000:331.231 - 0.375ms returns 0
T3534 000:331.256 JLINK_CORESIGHT_WriteAPDPReg(AP reg 0x01, 0x80011140)
T3534 000:331.546 - 0.288ms returns 0
T3534 000:331.578 JLINK_CORESIGHT_ReadAPDPReg(AP reg 0x03)
T3534 000:331.863   Value=0x00000002
T3534 000:331.888 - 0.310ms returns 0
T3534 000:331.918 JLINK_CORESIGHT_WriteAPDPReg(AP reg 0x00, 0x80000002)
T3534 000:332.298 - 0.380ms returns 0
T3534 000:332.315 JLINK_CORESIGHT_WriteAPDPReg(AP reg 0x01, 0x80011120)
T3534 000:332.561 - 0.246ms returns 0
T3534 000:332.584 JLINK_CORESIGHT_WriteAPDPReg(AP reg 0x03, 0x00000055)
T3534 000:332.820 - 0.236ms returns 0
T3534 000:332.835 JLINK_CORESIGHT_WriteAPDPReg(AP reg 0x00, 0x80000002)
T3534 000:333.044 - 0.209ms returns 0
T3534 000:333.055 JLINK_CORESIGHT_WriteAPDPReg(AP reg 0x01, 0x80011140)
T3534 000:333.271 - 0.215ms returns 0
T3534 000:333.295 JLINK_CORESIGHT_ReadAPDPReg(AP reg 0x03)
T3534 000:333.538   Value=0x00000000
T3534 000:333.555 - 0.260ms returns 0
T3534 000:333.566 JLINK_CORESIGHT_WriteAPDPReg(AP reg 0x00, 0x80000002)
T3534 000:333.756 - 0.190ms returns 0
T3534 000:333.767 JLINK_CORESIGHT_WriteAPDPReg(AP reg 0x01, 0x80011130)
T3534 000:333.955 - 0.187ms returns 0
T3534 000:333.975 JLINK_CORESIGHT_ReadAPDPReg(AP reg 0x03)
T3534 000:334.221   Value=0x000000C6
T3534 000:334.233 - 0.257ms returns 0
T3534 000:334.257 JLINK_CORESIGHT_WriteAPDPReg(AP reg 0x00, 0x80000002)
T3534 000:334.454 - 0.197ms returns 0
T3534 000:334.476 JLINK_CORESIGHT_WriteAPDPReg(AP reg 0x01, 0x80011140)
T3534 000:334.663 - 0.186ms returns 0
T3534 000:334.680 JLINK_CORESIGHT_ReadAPDPReg(AP reg 0x03)
T3534 000:334.916   Value=0x00000002
T3534 000:334.923 - 0.242ms returns 0
T3534 000:334.932 JLINK_CORESIGHT_WriteAPDPReg(AP reg 0x00, 0x80000002)
T3534 000:335.152 - 0.219ms returns 0
T3534 000:335.160 JLINK_CORESIGHT_WriteAPDPReg(AP reg 0x01, 0x80011120)
T3534 000:335.325 - 0.165ms returns 0
T3534 000:335.333 JLINK_CORESIGHT_WriteAPDPReg(AP reg 0x03, 0x3A010001)
T3534 000:335.505 - 0.171ms returns 0
T3534 000:335.513 JLINK_CORESIGHT_WriteAPDPReg(AP reg 0x00, 0x80000002)
T3534 000:335.684 - 0.170ms returns 0
T3534 000:335.692 JLINK_CORESIGHT_WriteAPDPReg(AP reg 0x01, 0x80011140)
T3534 000:335.861 - 0.169ms returns 0
T3534 000:335.869 JLINK_CORESIGHT_ReadAPDPReg(AP reg 0x03)
T3534 000:336.155   Value=0x00000002
T3534 000:336.168 - 0.298ms returns 0
T3534 000:336.180 JLINK_CORESIGHT_WriteAPDPReg(AP reg 0x00, 0x80000002)
T3534 000:336.354 - 0.174ms returns 0
T3534 000:336.363 JLINK_CORESIGHT_WriteAPDPReg(AP reg 0x01, 0x80011120)
T3534 000:336.532 - 0.170ms returns 0
T3534 000:336.541 JLINK_CORESIGHT_WriteAPDPReg(AP reg 0x03, 0x000003C5)
T3534 000:336.708 - 0.167ms returns 0
T3534 000:336.717 JLINK_CORESIGHT_WriteAPDPReg(AP reg 0x00, 0x80000002)
T3534 000:336.887 - 0.170ms returns 0
T3534 000:336.895 JLINK_CORESIGHT_WriteAPDPReg(AP reg 0x01, 0x80011140)
T3534 000:337.063 - 0.168ms returns 0
T3534 000:337.071 JLINK_CORESIGHT_ReadAPDPReg(AP reg 0x03)
T3534 000:337.314   Value=0x00000002
T3534 000:337.320 - 0.249ms returns 0
T3534 000:337.328 JLINK_CORESIGHT_ReadAPDPReg(AP reg 0x03)
T3534 000:337.551   Value=0x00000002
T3534 000:337.556 - 0.228ms returns 0
T3534 000:337.564 JLINK_CORESIGHT_ReadAPDPReg(AP reg 0x03)
T3534 000:337.806   Value=0x00000002
T3534 000:337.812 - 0.248ms returns 0
T3534 000:337.820 JLINK_CORESIGHT_ReadAPDPReg(AP reg 0x03)
T3534 000:338.039   Value=0x00000002
T3534 000:338.045 - 0.225ms returns 0
T3534 000:338.053 JLINK_CORESIGHT_ReadAPDPReg(AP reg 0x03)
T3534 000:338.315   Value=0x00000002
T3534 000:338.324 - 0.271ms returns 0
T3534 000:338.332 JLINK_CORESIGHT_ReadAPDPReg(AP reg 0x03)
T3534 000:338.562   Value=0x00000002
T3534 000:338.568 - 0.236ms returns 0
T3534 000:338.576 JLINK_CORESIGHT_ReadAPDPReg(AP reg 0x03)
T3534 000:338.794   Value=0x00000002
T3534 000:338.800 - 0.224ms returns 0
T3534 000:338.808 JLINK_CORESIGHT_ReadAPDPReg(AP reg 0x03)
T3534 000:339.032   Value=0x00000002
T3534 000:339.038 - 0.229ms returns 0
T3534 000:339.045 JLINK_CORESIGHT_ReadAPDPReg(AP reg 0x03)
T3534 000:339.316   Value=0x00000002
T3534 000:339.322 - 0.277ms returns 0
T3534 000:339.330 JLINK_CORESIGHT_ReadAPDPReg(AP reg 0x03)
T3534 000:339.550   Value=0x00000002
T3534 000:339.556 - 0.226ms returns 0
T3534 000:339.563 JLINK_CORESIGHT_ReadAPDPReg(AP reg 0x03)
T3534 000:339.782   Value=0x00000002
T3534 000:339.788 - 0.225ms returns 0
T3534 000:339.796 JLINK_CORESIGHT_ReadAPDPReg(AP reg 0x03)
T3534 000:340.017   Value=0x00000002
T3534 000:340.023 - 0.226ms returns 0
T3534 000:340.030 JLINK_CORESIGHT_ReadAPDPReg(AP reg 0x03)
T3534 000:340.317   Value=0x00000000
T3534 000:340.322 - 0.292ms returns 0
T3534 000:340.330 JLINK_CORESIGHT_WriteAPDPReg(AP reg 0x00, 0x80000002)
T3534 000:340.498 - 0.167ms returns 0
T3534 000:340.505 JLINK_CORESIGHT_WriteAPDPReg(AP reg 0x01, 0x80011130)
T3534 000:340.675 - 0.170ms returns 0
T3534 000:340.683 JLINK_CORESIGHT_ReadAPDPReg(AP reg 0x03)
T3534 000:340.905   Value=0x3A2A0081
T3534 000:340.911 - 0.227ms returns 0
T3534 000:340.919 JLINK_CORESIGHT_WriteAPDPReg(AP reg 0x00, 0x80000002)
T3534 000:341.153 - 0.234ms returns 0
T3534 000:341.161 JLINK_CORESIGHT_WriteAPDPReg(AP reg 0x01, 0x80011140)
T3534 000:341.331 - 0.171ms returns 0
T3534 000:341.339 JLINK_CORESIGHT_ReadAPDPReg(AP reg 0x03)
T3534 000:341.562   Value=0x00000000
T3534 000:341.568 - 0.228ms returns 0
T3534 000:341.575 JLINK_CORESIGHT_WriteAPDPReg(AP reg 0x00, 0x80000002)
T3534 000:341.743 - 0.167ms returns 0
T3534 000:341.751 JLINK_CORESIGHT_WriteAPDPReg(AP reg 0x01, 0x80011130)
T3534 000:341.920 - 0.169ms returns 0
T3534 000:341.928 JLINK_CORESIGHT_ReadAPDPReg(AP reg 0x03)
T3534 000:342.150   Value=0x808D5B00
T3534 000:342.156 - 0.228ms returns 0
T3534 000:342.164 JLINK_CORESIGHT_WriteAPDPReg(AP reg 0x00, 0x80000002)
T3534 000:342.354 - 0.190ms returns 0
T3534 000:342.375 JLINK_CORESIGHT_WriteAPDPReg(AP reg 0x01, 0x80011140)
T3534 000:342.643 - 0.268ms returns 0
T3534 000:342.654 JLINK_CORESIGHT_ReadAPDPReg(AP reg 0x03)
T3534 000:342.880   Value=0x00000000
T3534 000:342.886 - 0.231ms returns 0
T3534 000:342.894 JLINK_CORESIGHT_WriteAPDPReg(AP reg 0x00, 0x80000002)
T3534 000:343.062 - 0.168ms returns 0
T3534 000:343.070 JLINK_CORESIGHT_WriteAPDPReg(AP reg 0x01, 0x80011130)
T3534 000:343.262 - 0.192ms returns 0
T3534 000:343.270 JLINK_CORESIGHT_ReadAPDPReg(AP reg 0x03)
T3534 000:343.492   Value=0x0603030B
T3534 000:343.497 - 0.227ms returns 0
T3534 000:343.505 JLINK_CORESIGHT_WriteAPDPReg(AP reg 0x00, 0x80000002)
T3534 000:343.676 - 0.171ms returns 0
T3534 000:343.684 JLINK_CORESIGHT_WriteAPDPReg(AP reg 0x01, 0x80011140)
T3534 000:343.852 - 0.168ms returns 0
T3534 000:343.860 JLINK_CORESIGHT_ReadAPDPReg(AP reg 0x03)
T3534 000:344.153   Value=0x00000000
T3534 000:344.158 - 0.298ms returns 0
T3534 000:344.166 JLINK_CORESIGHT_WriteAPDPReg(AP reg 0x00, 0x80000002)
T3534 000:344.386 - 0.220ms returns 0
T3534 000:344.395 JLINK_CORESIGHT_WriteAPDPReg(AP reg 0x01, 0x80011130)
T3534 000:344.562 - 0.167ms returns 0
T3534 000:344.571 JLINK_CORESIGHT_ReadAPDPReg(AP reg 0x03)
T3534 000:344.790   Value=0x2E4B4E20
T3534 000:344.796 - 0.225ms returns 0
T3534 000:344.804 JLINK_CORESIGHT_WriteAPDPReg(AP reg 0x00, 0x80000002)
T3534 000:344.970 - 0.167ms returns 0
T3534 000:344.978 JLINK_CORESIGHT_WriteAPDPReg(AP reg 0x01, 0x80011140)
T3534 000:345.153 - 0.174ms returns 0
T3534 000:345.161 JLINK_CORESIGHT_ReadAPDPReg(AP reg 0x03)
T3534 000:345.381   Value=0x00000000
T3534 000:345.386 - 0.225ms returns 0
T3534 000:345.394 JLINK_CORESIGHT_WriteAPDPReg(AP reg 0x00, 0x80000002)
T3534 000:345.567 - 0.172ms returns 0
T3534 000:345.575 JLINK_CORESIGHT_WriteAPDPReg(AP reg 0x01, 0x80011130)
T3534 000:345.742 - 0.167ms returns 0
T3534 000:345.751 JLINK_CORESIGHT_ReadAPDPReg(AP reg 0x03)
T3534 000:345.972   Value=0x4E63C092
T3534 000:345.978 - 0.227ms returns 0
T3534 000:345.986 JLINK_CORESIGHT_WriteAPDPReg(AP reg 0x00, 0x80000002)
T3534 000:346.171 - 0.185ms returns 0
T3534 000:346.184 JLINK_CORESIGHT_WriteAPDPReg(AP reg 0x01, 0x80011140)
T3534 000:346.381 - 0.196ms returns 0
T3534 000:346.759 JLINK_CORESIGHT_ReadAPDPReg(AP reg 0x03)
T3534 000:347.050   Value=0x00000000
T3534 000:347.081 - 0.321ms returns 0
T3534 000:347.209 JLINK_CORESIGHT_WriteAPDPReg(AP reg 0x00, 0x80000002)
T3534 000:349.348 - 2.138ms returns 0
T3534 000:349.385 JLINK_CORESIGHT_WriteAPDPReg(AP reg 0x01, 0x80011130)
T3534 000:349.677 - 0.292ms returns 0
T3534 000:349.684 JLINK_CORESIGHT_ReadAPDPReg(AP reg 0x03)
T3534 000:349.935   Value=0x34503036
T3534 000:349.941 - 0.256ms returns 0
T3534 000:349.946 JLINK_CORESIGHT_WriteAPDPReg(AP reg 0x00, 0x80000002)
T3534 000:350.154 - 0.207ms returns 0
T3534 000:350.160 JLINK_CORESIGHT_WriteAPDPReg(AP reg 0x01, 0x80011140)
T3534 000:350.323 - 0.163ms returns 0
T3534 000:350.331 JLINK_CORESIGHT_ReadAPDPReg(AP reg 0x03)
T3534 000:350.544   Value=0x00000000
T3534 000:350.550 - 0.219ms returns 0
T3534 000:350.555 JLINK_CORESIGHT_WriteAPDPReg(AP reg 0x00, 0x80000002)
T3534 000:350.726 - 0.170ms returns 0
T3534 000:350.732 JLINK_CORESIGHT_WriteAPDPReg(AP reg 0x01, 0x80011130)
T3534 000:350.933 - 0.200ms returns 0
T3534 000:350.959 JLINK_CORESIGHT_ReadAPDPReg(AP reg 0x03)
T3534 000:351.186   Value=0x7E142D36
T3534 000:351.198 - 0.239ms returns 0
T3534 000:351.207 JLINK_CORESIGHT_WriteAPDPReg(AP reg 0x00, 0x80000002)
T3534 000:351.376 - 0.168ms returns 0
T3534 000:351.387 JLINK_CORESIGHT_WriteAPDPReg(AP reg 0x01, 0x80011140)
T3534 000:351.567 - 0.179ms returns 0
T3534 000:351.574 JLINK_CORESIGHT_ReadAPDPReg(AP reg 0x03)
T3534 000:351.794   Value=0x00000000
T3534 000:351.800 - 0.226ms returns 0
T3534 000:351.805 JLINK_CORESIGHT_WriteAPDPReg(AP reg 0x00, 0x80000002)
T3534 000:351.969 - 0.164ms returns 0
T3534 000:351.975 JLINK_CORESIGHT_WriteAPDPReg(AP reg 0x01, 0x80011130)
T3534 000:352.153 - 0.177ms returns 0
T3534 000:352.158 JLINK_CORESIGHT_ReadAPDPReg(AP reg 0x03)
T3534 000:352.379   Value=0x4637528E
T3534 000:352.385 - 0.226ms returns 0
T3534 000:352.390 JLINK_CORESIGHT_WriteAPDPReg(AP reg 0x00, 0x80000002)
T3534 000:352.556 - 0.166ms returns 0
T3534 000:352.562 JLINK_CORESIGHT_WriteAPDPReg(AP reg 0x01, 0x80011140)
T3534 000:352.726 - 0.163ms returns 0
T3534 000:352.731 JLINK_CORESIGHT_ReadAPDPReg(AP reg 0x03)
T3534 000:352.943   Value=0x00000000
T3534 000:352.949 - 0.217ms returns 0
T3534 000:352.954 JLINK_CORESIGHT_WriteAPDPReg(AP reg 0x00, 0x80000002)
T3534 000:353.153 - 0.198ms returns 0
T3534 000:353.159 JLINK_CORESIGHT_WriteAPDPReg(AP reg 0x01, 0x80011130)
T3534 000:353.343 - 0.183ms returns 0
T3534 000:353.367 JLINK_CORESIGHT_ReadAPDPReg(AP reg 0x03)
T3534 000:353.594   Value=0x314D3841
T3534 000:353.600 - 0.233ms returns 0
T3534 000:353.606 JLINK_CORESIGHT_WriteAPDPReg(AP reg 0x00, 0x80000002)
T3534 000:353.774 - 0.168ms returns 0
T3534 000:353.780 JLINK_CORESIGHT_WriteAPDPReg(AP reg 0x01, 0x80011140)
T3534 000:353.943 - 0.162ms returns 0
T3534 000:353.948 JLINK_CORESIGHT_ReadAPDPReg(AP reg 0x03)
T3534 000:354.184   Value=0x00000000
T3534 000:354.189 - 0.241ms returns 0
T3534 000:354.195 JLINK_CORESIGHT_WriteAPDPReg(AP reg 0x00, 0x80000002)
T3534 000:354.358 - 0.164ms returns 0
T3534 000:354.364 JLINK_CORESIGHT_WriteAPDPReg(AP reg 0x01, 0x80011130)
T3534 000:354.528 - 0.164ms returns 0
T3534 000:354.534 JLINK_CORESIGHT_ReadAPDPReg(AP reg 0x03)
T3534 000:354.753   Value=0x43454841
T3534 000:354.759 - 0.225ms returns 0
T3534 000:354.764 JLINK_CORESIGHT_WriteAPDPReg(AP reg 0x00, 0x80000002)
T3534 000:354.933 - 0.168ms returns 0
T3534 000:354.939 JLINK_CORESIGHT_WriteAPDPReg(AP reg 0x01, 0x80011140)
T3534 000:355.184 - 0.245ms returns 0
T3534 000:355.190 JLINK_CORESIGHT_ReadAPDPReg(AP reg 0x03)
T3534 000:355.408   Value=0x00000000
T3534 000:355.414 - 0.224ms returns 0
T3534 000:355.420 JLINK_CORESIGHT_WriteAPDPReg(AP reg 0x00, 0x80000002)
T3534 000:355.586 - 0.166ms returns 0
T3534 000:355.592 JLINK_CORESIGHT_WriteAPDPReg(AP reg 0x01, 0x80011130)
T3534 000:355.759 - 0.167ms returns 0
T3534 000:355.765 JLINK_CORESIGHT_ReadAPDPReg(AP reg 0x03)
T3534 000:355.980   Value=0x20204442
T3534 000:355.985 - 0.220ms returns 0
T3534 000:355.991 JLINK_CORESIGHT_WriteAPDPReg(AP reg 0x00, 0x80000002)
T3534 000:356.153 - 0.162ms returns 0
T3534 000:356.158 JLINK_CORESIGHT_WriteAPDPReg(AP reg 0x01, 0x80011140)
T3534 000:356.344 - 0.186ms returns 0
T3534 000:356.356 JLINK_CORESIGHT_ReadAPDPReg(AP reg 0x03)
T3534 000:356.584   Value=0x00000000
T3534 000:356.589 - 0.233ms returns 0
T3534 000:356.598 JLINK_CORESIGHT_WriteAPDPReg(AP reg 0x00, 0x80000002)
T3534 000:356.767 - 0.169ms returns 0
T3534 000:356.776 JLINK_CORESIGHT_WriteAPDPReg(AP reg 0x01, 0x80011130)
T3534 000:356.944 - 0.168ms returns 0
T3534 000:356.952 JLINK_CORESIGHT_ReadAPDPReg(AP reg 0x03)
T3534 000:357.183   Value=0x00030920
T3534 000:357.189 - 0.237ms returns 0
T3534 000:357.725 JLINK_CORESIGHT_WriteAPDPReg(AP reg 0x00, 0x80000002)
T3534 000:357.918 - 0.193ms returns 0
T3534 000:357.924 JLINK_CORESIGHT_WriteAPDPReg(AP reg 0x01, 0x80011140)
T3534 000:358.153 - 0.228ms returns 0
T3534 000:358.158 JLINK_CORESIGHT_ReadAPDPReg(AP reg 0x03)
T3534 000:358.379   Value=0x00000002
T3534 000:358.384 - 0.226ms returns 0
T3534 000:358.390 JLINK_CORESIGHT_WriteAPDPReg(AP reg 0x00, 0x80000002)
T3534 000:358.554 - 0.164ms returns 0
T3534 000:358.559 JLINK_CORESIGHT_WriteAPDPReg(AP reg 0x01, 0x80011120)
T3534 000:358.723 - 0.163ms returns 0
T3534 000:358.728 JLINK_CORESIGHT_WriteAPDPReg(AP reg 0x03, 0x2C010001)
T3534 000:358.892 - 0.163ms returns 0
T3534 000:358.897 JLINK_CORESIGHT_WriteAPDPReg(AP reg 0x00, 0x80000002)
T3534 000:359.057 - 0.160ms returns 0
T3534 000:359.063 JLINK_CORESIGHT_WriteAPDPReg(AP reg 0x01, 0x80011140)
T3534 000:359.263 - 0.200ms returns 0
T3534 000:359.269 JLINK_CORESIGHT_ReadAPDPReg(AP reg 0x03)
T3534 000:359.484   Value=0x00000002
T3534 000:359.490 - 0.221ms returns 0
T3534 000:359.495 JLINK_CORESIGHT_WriteAPDPReg(AP reg 0x00, 0x80000002)
T3534 000:359.659 - 0.164ms returns 0
T3534 000:359.668 JLINK_CORESIGHT_WriteAPDPReg(AP reg 0x01, 0x80011120)
T3534 000:359.834 - 0.166ms returns 0
T3534 000:359.839 JLINK_CORESIGHT_WriteAPDPReg(AP reg 0x03, 0x000003D3)
T3534 000:360.004 - 0.165ms returns 0
T3534 000:360.010 JLINK_CORESIGHT_WriteAPDPReg(AP reg 0x00, 0x80000002)
T3534 000:360.184 - 0.173ms returns 0
T3534 000:360.189 JLINK_CORESIGHT_WriteAPDPReg(AP reg 0x01, 0x80011140)
T3534 000:360.353 - 0.164ms returns 0
T3534 000:360.359 JLINK_CORESIGHT_ReadAPDPReg(AP reg 0x03)
T3534 000:360.576   Value=0x00000002
T3534 000:360.582 - 0.223ms returns 0
T3534 000:360.587 JLINK_CORESIGHT_ReadAPDPReg(AP reg 0x03)
T3534 000:360.803   Value=0x00000002
T3534 000:360.808 - 0.221ms returns 0
T3534 000:360.814 JLINK_CORESIGHT_ReadAPDPReg(AP reg 0x03)
T3534 000:361.025   Value=0x00000002
T3534 000:361.031 - 0.217ms returns 0
T3534 000:361.036 JLINK_CORESIGHT_ReadAPDPReg(AP reg 0x03)
T3534 000:361.235   Value=0x00000002
T3534 000:361.241 - 0.205ms returns 0
T3534 000:361.246 JLINK_CORESIGHT_ReadAPDPReg(AP reg 0x03)
T3534 000:361.463   Value=0x00000002
T3534 000:361.468 - 0.222ms returns 0
T3534 000:361.473 JLINK_CORESIGHT_ReadAPDPReg(AP reg 0x03)
T3534 000:361.690   Value=0x00000002
T3534 000:361.696 - 0.222ms returns 0
T3534 000:361.701 JLINK_CORESIGHT_ReadAPDPReg(AP reg 0x03)
T3534 000:361.917   Value=0x00000002
T3534 000:361.922 - 0.221ms returns 0
T3534 000:361.927 JLINK_CORESIGHT_ReadAPDPReg(AP reg 0x03)
T3534 000:362.153   Value=0x00000002
T3534 000:362.159 - 0.231ms returns 0
T3534 000:362.164 JLINK_CORESIGHT_ReadAPDPReg(AP reg 0x03)
T3534 000:362.379   Value=0x00000002
T3534 000:362.388 - 0.223ms returns 0
T3534 000:362.393 JLINK_CORESIGHT_ReadAPDPReg(AP reg 0x03)
T3534 000:362.609   Value=0x00000002
T3534 000:362.614 - 0.221ms returns 0
T3534 000:362.619 JLINK_CORESIGHT_ReadAPDPReg(AP reg 0x03)
T3534 000:362.855   Value=0x00000002
T3534 000:362.867 - 0.247ms returns 0
T3534 000:362.875 JLINK_CORESIGHT_ReadAPDPReg(AP reg 0x03)
T3534 000:363.188   Value=0x00000002
T3534 000:363.223 - 0.347ms returns 0
T3534 000:363.240 JLINK_CORESIGHT_ReadAPDPReg(AP reg 0x03)
T3534 000:363.552   Value=0x00000002
T3534 000:363.568 - 0.328ms returns 0
T3534 000:363.576 JLINK_CORESIGHT_ReadAPDPReg(AP reg 0x03)
T3534 000:363.870   Value=0x00000000
T3534 000:363.880 - 0.303ms returns 0
T3534 000:363.902 JLINK_CORESIGHT_WriteAPDPReg(AP reg 0x00, 0x80000002)
T3534 000:364.226 - 0.322ms returns 0
T3534 000:364.342 JLINK_CORESIGHT_WriteAPDPReg(AP reg 0x01, 0x80011130)
T3534 000:364.596 - 0.254ms returns 0
T3534 000:364.624 JLINK_CORESIGHT_ReadAPDPReg(AP reg 0x03)
T3534 000:364.908   Value=0x2C020081
T3534 000:364.932 - 0.308ms returns 0
T3534 000:364.943 JLINK_CORESIGHT_WriteAPDPReg(AP reg 0x00, 0x80000002)
T3534 000:365.177 - 0.233ms returns 0
T3534 000:365.193 JLINK_CORESIGHT_WriteAPDPReg(AP reg 0x01, 0x80011140)
T3534 000:365.420 - 0.227ms returns 0
T3534 000:365.443 JLINK_CORESIGHT_ReadAPDPReg(AP reg 0x03)
T3534 000:365.704   Value=0x00000000
T3534 000:365.718 - 0.274ms returns 0
T3534 000:365.754 JLINK_CORESIGHT_WriteAPDPReg(AP reg 0x00, 0x80000002)
T3534 000:365.980 - 0.226ms returns 0
T3534 000:365.997 JLINK_CORESIGHT_WriteAPDPReg(AP reg 0x01, 0x80011130)
T3534 000:366.192 - 0.195ms returns 0
T3534 000:366.216 JLINK_CORESIGHT_ReadAPDPReg(AP reg 0x03)
T3534 000:366.450   Value=0x0003CE04
T3534 000:366.468 - 0.252ms returns 0
T3534 000:366.487 JLINK_CORESIGHT_WriteAPDPReg(AP reg 0x00, 0x80000002)
T3534 000:366.724 - 0.237ms returns 0
T3534 000:366.736 JLINK_CORESIGHT_WriteAPDPReg(AP reg 0x01, 0x80011140)
T3534 000:366.943 - 0.207ms returns 0
T3534 000:366.967 JLINK_CORESIGHT_ReadAPDPReg(AP reg 0x03)
T3534 000:367.185   Value=0x00000002
T3534 000:367.196 - 0.230ms returns 0
T3534 000:367.205 JLINK_CORESIGHT_WriteAPDPReg(AP reg 0x00, 0x80000002)
T3534 000:367.425 - 0.219ms returns 0
T3534 000:367.441 JLINK_CORESIGHT_WriteAPDPReg(AP reg 0x01, 0x80011120)
T3534 000:367.617 - 0.176ms returns 0
T3534 000:367.623 JLINK_CORESIGHT_WriteAPDPReg(AP reg 0x03, 0x73010001)
T3534 000:367.816 - 0.192ms returns 0
T3534 000:367.842 JLINK_CORESIGHT_WriteAPDPReg(AP reg 0x00, 0x80000002)
T3534 000:368.017 - 0.175ms returns 0
T3534 000:368.028 JLINK_CORESIGHT_WriteAPDPReg(AP reg 0x01, 0x80011140)
T3534 000:368.263 - 0.235ms returns 0
T3534 000:368.271 JLINK_CORESIGHT_ReadAPDPReg(AP reg 0x03)
T3534 000:368.496   Value=0x00000002
T3534 000:368.502 - 0.230ms returns 0
T3534 000:368.509 JLINK_CORESIGHT_WriteAPDPReg(AP reg 0x00, 0x80000002)
T3534 000:368.678 - 0.168ms returns 0
T3534 000:368.685 JLINK_CORESIGHT_WriteAPDPReg(AP reg 0x01, 0x80011120)
T3534 000:368.853 - 0.167ms returns 0
T3534 000:368.862 JLINK_CORESIGHT_WriteAPDPReg(AP reg 0x03, 0x0000038C)
T3534 000:369.052 - 0.190ms returns 0
T3534 000:369.060 JLINK_CORESIGHT_WriteAPDPReg(AP reg 0x00, 0x80000002)
T3534 000:369.263 - 0.203ms returns 0
T3534 000:369.271 JLINK_CORESIGHT_WriteAPDPReg(AP reg 0x01, 0x80011140)
T3534 000:369.439 - 0.168ms returns 0
T3534 000:369.447 JLINK_CORESIGHT_ReadAPDPReg(AP reg 0x03)
T3534 000:369.666   Value=0x00000002
T3534 000:369.671 - 0.224ms returns 0
T3534 000:369.679 JLINK_CORESIGHT_ReadAPDPReg(AP reg 0x03)
T3534 000:369.902   Value=0x00000002
T3534 000:369.908 - 0.228ms returns 0
T3534 000:369.915 JLINK_CORESIGHT_ReadAPDPReg(AP reg 0x03)
T3534 000:370.153   Value=0x00000002
T3534 000:370.159 - 0.243ms returns 0
T3534 000:370.166 JLINK_CORESIGHT_ReadAPDPReg(AP reg 0x03)
T3534 000:370.391   Value=0x00000002
T3534 000:370.397 - 0.230ms returns 0
T3534 000:370.404 JLINK_CORESIGHT_ReadAPDPReg(AP reg 0x03)
T3534 000:370.628   Value=0x00000002
T3534 000:370.646 - 0.242ms returns 0
T3534 000:370.654 JLINK_CORESIGHT_ReadAPDPReg(AP reg 0x03)
T3534 000:370.879   Value=0x00000002
T3534 000:370.885 - 0.231ms returns 0
T3534 000:370.893 JLINK_CORESIGHT_ReadAPDPReg(AP reg 0x03)
T3534 000:371.153   Value=0x00000002
T3534 000:371.159 - 0.266ms returns 0
T3534 000:371.166 JLINK_CORESIGHT_ReadAPDPReg(AP reg 0x03)
T3534 000:371.385   Value=0x00000000
T3534 000:371.391 - 0.225ms returns 0
T3534 000:371.399 JLINK_CORESIGHT_WriteAPDPReg(AP reg 0x00, 0x80000002)
T3534 000:371.567 - 0.168ms returns 0
T3534 000:371.574 JLINK_CORESIGHT_WriteAPDPReg(AP reg 0x01, 0x80011130)
T3534 000:371.745 - 0.170ms returns 0
T3534 000:371.753 JLINK_CORESIGHT_ReadAPDPReg(AP reg 0x03)
T3534 000:371.973   Value=0x73020081
T3534 000:371.978 - 0.225ms returns 0
T3534 000:371.986 JLINK_CORESIGHT_WriteAPDPReg(AP reg 0x00, 0x80000002)
T3534 000:372.153 - 0.167ms returns 0
T3534 000:372.161 JLINK_CORESIGHT_WriteAPDPReg(AP reg 0x01, 0x80011140)
T3534 000:372.329 - 0.168ms returns 0
T3534 000:372.337 JLINK_CORESIGHT_ReadAPDPReg(AP reg 0x03)
T3534 000:372.558   Value=0x00000000
T3534 000:372.564 - 0.227ms returns 0
T3534 000:372.571 JLINK_CORESIGHT_WriteAPDPReg(AP reg 0x00, 0x80000002)
T3534 000:372.739 - 0.168ms returns 0
T3534 000:372.747 JLINK_CORESIGHT_WriteAPDPReg(AP reg 0x01, 0x80011130)
T3534 000:372.916 - 0.168ms returns 0
T3534 000:372.923 JLINK_CORESIGHT_ReadAPDPReg(AP reg 0x03)
T3534 000:373.153   Value=0x00038902
T3534 000:373.159 - 0.235ms returns 0
T3534 000:373.519 JLINK_CORESIGHT_WriteAPDPReg(AP reg 0x00, 0x80000002)
T3534 000:373.718 - 0.200ms returns 0
T3534 000:373.724 JLINK_CORESIGHT_WriteAPDPReg(AP reg 0x01, 0x80011140)
T3534 000:373.891 - 0.167ms returns 0
T3534 000:373.897 JLINK_CORESIGHT_ReadAPDPReg(AP reg 0x03)
T3534 000:374.155   Value=0x00000002
T3534 000:374.161 - 0.264ms returns 0
T3534 000:374.166 JLINK_CORESIGHT_WriteAPDPReg(AP reg 0x00, 0x80000002)
T3534 000:374.331 - 0.165ms returns 0
T3534 000:374.337 JLINK_CORESIGHT_WriteAPDPReg(AP reg 0x01, 0x80011120)
T3534 000:374.499 - 0.162ms returns 0
T3534 000:374.505 JLINK_CORESIGHT_WriteAPDPReg(AP reg 0x03, 0x75010001)
T3534 000:374.666 - 0.162ms returns 0
T3534 000:374.672 JLINK_CORESIGHT_WriteAPDPReg(AP reg 0x00, 0x80000002)
T3534 000:374.860 - 0.187ms returns 0
T3534 000:374.865 JLINK_CORESIGHT_WriteAPDPReg(AP reg 0x01, 0x80011140)
T3534 000:375.031 - 0.165ms returns 0
T3534 000:375.036 JLINK_CORESIGHT_ReadAPDPReg(AP reg 0x03)
T3534 000:375.316   Value=0x00000002
T3534 000:375.322 - 0.286ms returns 0
T3534 000:375.328 JLINK_CORESIGHT_WriteAPDPReg(AP reg 0x00, 0x80000002)
T3534 000:375.491 - 0.164ms returns 0
T3534 000:375.497 JLINK_CORESIGHT_WriteAPDPReg(AP reg 0x01, 0x80011120)
T3534 000:375.659 - 0.162ms returns 0
T3534 000:375.665 JLINK_CORESIGHT_WriteAPDPReg(AP reg 0x03, 0x0000038A)
T3534 000:375.828 - 0.163ms returns 0
T3534 000:375.834 JLINK_CORESIGHT_WriteAPDPReg(AP reg 0x00, 0x80000002)
T3534 000:375.999 - 0.165ms returns 0
T3534 000:376.005 JLINK_CORESIGHT_WriteAPDPReg(AP reg 0x01, 0x80011140)
T3534 000:376.185 - 0.180ms returns 0
T3534 000:376.191 JLINK_CORESIGHT_ReadAPDPReg(AP reg 0x03)
T3534 000:376.405   Value=0x00000002
T3534 000:376.411 - 0.220ms returns 0
T3534 000:376.416 JLINK_CORESIGHT_ReadAPDPReg(AP reg 0x03)
T3534 000:376.632   Value=0x00000002
T3534 000:376.638 - 0.222ms returns 0
T3534 000:376.643 JLINK_CORESIGHT_ReadAPDPReg(AP reg 0x03)
T3534 000:376.859   Value=0x00000002
T3534 000:376.865 - 0.222ms returns 0
T3534 000:376.870 JLINK_CORESIGHT_ReadAPDPReg(AP reg 0x03)
T3534 000:377.154   Value=0x00000002
T3534 000:377.160 - 0.290ms returns 0
T3534 000:377.169 JLINK_CORESIGHT_ReadAPDPReg(AP reg 0x03)
T3534 000:377.406   Value=0x00000000
T3534 000:377.411 - 0.242ms returns 0
T3534 000:377.419 JLINK_CORESIGHT_WriteAPDPReg(AP reg 0x00, 0x80000002)
T3534 000:377.611 - 0.192ms returns 0
T3534 000:377.619 JLINK_CORESIGHT_WriteAPDPReg(AP reg 0x01, 0x80011130)
T3534 000:377.821 - 0.201ms returns 0
T3534 000:377.829 JLINK_CORESIGHT_ReadAPDPReg(AP reg 0x03)
T3534 000:378.078   Value=0x75020081
T3534 000:378.085 - 0.255ms returns 0
T3534 000:378.093 JLINK_CORESIGHT_WriteAPDPReg(AP reg 0x00, 0x80000002)
T3534 000:378.291 - 0.198ms returns 0
T3534 000:378.304 JLINK_CORESIGHT_WriteAPDPReg(AP reg 0x01, 0x80011140)
T3534 000:378.497 - 0.192ms returns 0
T3534 000:378.529 JLINK_CORESIGHT_ReadAPDPReg(AP reg 0x03)
T3534 000:378.759   Value=0x00000000
T3534 000:378.773 - 0.244ms returns 0
T3534 000:378.783 JLINK_CORESIGHT_WriteAPDPReg(AP reg 0x00, 0x80000002)
T3534 000:378.969 - 0.185ms returns 0
T3534 000:378.994 JLINK_CORESIGHT_WriteAPDPReg(AP reg 0x01, 0x80011130)
T3534 000:379.190 - 0.195ms returns 0
T3534 000:379.210 JLINK_CORESIGHT_ReadAPDPReg(AP reg 0x03)
T3534 000:379.474   Value=0x00038702
T3534 000:379.495 - 0.284ms returns 0
T3534 000:379.513 JLINK_CORESIGHT_WriteAPDPReg(AP reg 0x00, 0x80000002)
T3534 000:379.727 - 0.214ms returns 0
T3534 000:379.744 JLINK_CORESIGHT_WriteAPDPReg(AP reg 0x01, 0x80011140)
T3534 000:379.942 - 0.197ms returns 0
T3534 000:379.958 JLINK_CORESIGHT_ReadAPDPReg(AP reg 0x03)
T3534 000:380.237   Value=0x00000002
T3534 000:380.264 - 0.305ms returns 0
T3534 000:380.277 JLINK_CORESIGHT_WriteAPDPReg(AP reg 0x00, 0x80000002)
T3534 000:380.529 - 0.251ms returns 0
T3534 000:380.554 JLINK_CORESIGHT_WriteAPDPReg(AP reg 0x01, 0x80011120)
T3534 000:380.776 - 0.221ms returns 0
T3534 000:380.799 JLINK_CORESIGHT_WriteAPDPReg(AP reg 0x03, 0x4F010001)
T3534 000:381.029 - 0.230ms returns 0
T3534 000:381.047 JLINK_CORESIGHT_WriteAPDPReg(AP reg 0x00, 0x80000002)
T3534 000:381.291 - 0.242ms returns 0
T3534 000:381.338 JLINK_CORESIGHT_WriteAPDPReg(AP reg 0x01, 0x80011140)
T3534 000:381.593 - 0.254ms returns 0
T3534 000:381.621 JLINK_CORESIGHT_ReadAPDPReg(AP reg 0x03)
T3534 000:381.873   Value=0x00000002
T3534 000:381.888 - 0.267ms returns 0
T3534 000:381.898 JLINK_CORESIGHT_WriteAPDPReg(AP reg 0x00, 0x80000002)
T3534 000:382.177 - 0.277ms returns 0
T3534 000:382.205 JLINK_CORESIGHT_WriteAPDPReg(AP reg 0x01, 0x80011120)
T3534 000:382.413 - 0.208ms returns 0
T3534 000:382.430 JLINK_CORESIGHT_WriteAPDPReg(AP reg 0x03, 0x000003B0)
T3534 000:382.618 - 0.187ms returns 0
T3534 000:382.624 JLINK_CORESIGHT_WriteAPDPReg(AP reg 0x00, 0x80000002)
T3534 000:382.797 - 0.173ms returns 0
T3534 000:382.803 JLINK_CORESIGHT_WriteAPDPReg(AP reg 0x01, 0x80011140)
T3534 000:383.002 - 0.198ms returns 0
T3534 000:383.019 JLINK_CORESIGHT_ReadAPDPReg(AP reg 0x03)
T3534 000:383.317   Value=0x00000002
T3534 000:383.324 - 0.305ms returns 0
T3534 000:383.335 JLINK_CORESIGHT_ReadAPDPReg(AP reg 0x03)
T3534 000:383.568   Value=0x00000002
T3534 000:383.574 - 0.238ms returns 0
T3534 000:383.581 JLINK_CORESIGHT_ReadAPDPReg(AP reg 0x03)
T3534 000:383.808   Value=0x00000002
T3534 000:383.814 - 0.233ms returns 0
T3534 000:383.822 JLINK_CORESIGHT_ReadAPDPReg(AP reg 0x03)
T3534 000:384.045   Value=0x00000002
T3534 000:384.050 - 0.228ms returns 0
T3534 000:384.058 JLINK_CORESIGHT_ReadAPDPReg(AP reg 0x03)
T3534 000:384.315   Value=0x00000002
T3534 000:384.321 - 0.263ms returns 0
T3534 000:384.328 JLINK_CORESIGHT_ReadAPDPReg(AP reg 0x03)
T3534 000:384.552   Value=0x00000000
T3534 000:384.558 - 0.229ms returns 0
T3534 000:384.566 JLINK_CORESIGHT_WriteAPDPReg(AP reg 0x00, 0x80000002)
T3534 000:384.737 - 0.171ms returns 0
T3534 000:384.744 JLINK_CORESIGHT_WriteAPDPReg(AP reg 0x01, 0x80011130)
T3534 000:384.915 - 0.171ms returns 0
T3534 000:384.923 JLINK_CORESIGHT_ReadAPDPReg(AP reg 0x03)
T3534 000:385.154   Value=0x4F0B0081
T3534 000:385.160 - 0.236ms returns 0
T3534 000:385.167 JLINK_CORESIGHT_WriteAPDPReg(AP reg 0x00, 0x80000002)
T3534 000:385.337 - 0.170ms returns 0
T3534 000:385.345 JLINK_CORESIGHT_WriteAPDPReg(AP reg 0x01, 0x80011140)
T3534 000:385.517 - 0.172ms returns 0
T3534 000:385.525 JLINK_CORESIGHT_ReadAPDPReg(AP reg 0x03)
T3534 000:385.748   Value=0x00000000
T3534 000:385.754 - 0.229ms returns 0
T3534 000:385.762 JLINK_CORESIGHT_WriteAPDPReg(AP reg 0x00, 0x80000002)
T3534 000:385.932 - 0.170ms returns 0
T3534 000:385.999 JLINK_CORESIGHT_WriteAPDPReg(AP reg 0x01, 0x80011130)
T3534 000:386.185 - 0.186ms returns 0
T3534 000:386.193 JLINK_CORESIGHT_ReadAPDPReg(AP reg 0x03)
T3534 000:386.418   Value=0x20000000
T3534 000:386.423 - 0.230ms returns 0
T3534 000:386.432 JLINK_CORESIGHT_WriteAPDPReg(AP reg 0x00, 0x80000002)
T3534 000:386.602 - 0.170ms returns 0
T3534 000:386.610 JLINK_CORESIGHT_WriteAPDPReg(AP reg 0x01, 0x80011140)
T3534 000:386.786 - 0.176ms returns 0
T3534 000:386.794 JLINK_CORESIGHT_ReadAPDPReg(AP reg 0x03)
T3534 000:387.016   Value=0x00000000
T3534 000:387.022 - 0.227ms returns 0
T3534 000:387.030 JLINK_CORESIGHT_WriteAPDPReg(AP reg 0x00, 0x80000002)
T3534 000:387.263 - 0.233ms returns 0
T3534 000:387.271 JLINK_CORESIGHT_WriteAPDPReg(AP reg 0x01, 0x80011130)
T3534 000:387.461 - 0.189ms returns 0
T3534 000:387.469 JLINK_CORESIGHT_ReadAPDPReg(AP reg 0x03)
T3534 000:387.691   Value=0x00000000
T3534 000:387.697 - 0.228ms returns 0
T3534 000:387.704 JLINK_CORESIGHT_WriteAPDPReg(AP reg 0x00, 0x80000002)
T3534 000:387.875 - 0.171ms returns 0
T3534 000:387.883 JLINK_CORESIGHT_WriteAPDPReg(AP reg 0x01, 0x80011140)
T3534 000:388.053 - 0.170ms returns 0
T3534 000:388.062 JLINK_CORESIGHT_ReadAPDPReg(AP reg 0x03)
T3534 000:388.316   Value=0x00000000
T3534 000:388.321 - 0.260ms returns 0
T3534 000:388.329 JLINK_CORESIGHT_WriteAPDPReg(AP reg 0x00, 0x80000002)
T3534 000:388.499 - 0.170ms returns 0
T3534 000:388.507 JLINK_CORESIGHT_WriteAPDPReg(AP reg 0x01, 0x80011130)
T3534 000:388.678 - 0.171ms returns 0
T3534 000:388.686 JLINK_CORESIGHT_ReadAPDPReg(AP reg 0x03)
T3534 000:388.909   Value=0x03860000
T3534 000:388.915 - 0.228ms returns 0
T3534 000:389.261 JLINK_CORESIGHT_ReadAPDPReg(DP reg 0x01)
T3534 000:389.428   Value=0xF0000F40
T3534 000:389.434 - 0.173ms returns 0
T3534 000:389.443 JLINK_CORESIGHT_WriteAPDPReg(DP reg 0x01, 0xA0000F40)
T3534 000:389.616 - 0.174ms returns 0
T3534 000:389.625 JLINK_CORESIGHT_ReadAPDPReg(DP reg 0x01)
T3534 000:389.801   Value=0x00000F40
T3534 000:389.807 - 0.182ms returns 0
T3534 000:389.815 JLINK_ClrRESET()
T3534 000:389.963 - 0.148ms 
T3534 000:504.588 JLINK_Close()
T3534 000:519.138 - 14.549ms
T3534 000:519.168   
T3534 000:519.172   Closed
