T191C 000:000.803   SEGGER J-Link V8.58 Log File
T191C 000:000.949   DLL Compiled: Aug  6 2025 12:29:52
T191C 000:000.953   Logging started @ 2025-10-07 03:47
T191C 000:000.957   Process: C:\Users\honda\.eclipse\com.renesas.platform_544557474\DebugComp\RA\e2-server-gdb.exe
T191C 000:000.967 - 0.960ms 
T191C 000:000.980 JLINK_GetDLLVersion()
T191C 000:000.985 - 0.005ms returns 85800
T191C 000:004.922 JLINK_OpenEx(...)
T191C 000:014.198   Firmware: J-Link OB-RA4M2 compiled Jul  8 2025 10:15:56
T191C 000:016.411   Firmware: J-Link OB-RA4M2 compiled Jul  8 2025 10:15:56
T191C 000:030.201   Hardware: V1.00
T191C 000:030.233   S/N: 1082335064
T191C 000:030.239   OEM: SEGGER
T191C 000:030.245   Feature(s): None
T191C 000:030.769   Bootloader: 2021 May 14
T191C 000:031.135   USB speed mode: Full speed (12 MBit/s)
T191C 000:031.461   TELNET listener socket opened on port 19021
T191C 000:031.597   WEBSRV WEBSRV_Init(): Starting webserver thread(s)
T191C 000:031.765   WEBSRV Webserver running on local port 19080
T191C 000:031.848   Looking for J-Link GUI Server exe at: C:\Users\honda\.eclipse\com.renesas.platform_544557474\DebugComp\RA\ARM\Segger_v8.58.0\JLinkGUIServer.exe
T191C 000:031.905   Looking for J-Link GUI Server exe at: C:\Program Files\SEGGER\JLink_V810\JLinkGUIServer.exe
T191C 000:031.931   Forking J-Link GUI Server: C:\Program Files\SEGGER\JLink_V810\JLinkGUIServer.exe
T191C 000:067.547   J-Link GUI Server info: "J-Link GUI server V8.10 "
T191C 000:075.308 - 70.379ms returns "O.K."
T191C 000:075.471 JLINK_TIF_Select(JLINKARM_TIF_SWD)
T191C 000:076.038 - 0.572ms returns 0x00
T191C 000:076.057 JLINK_ClrRESET()
T191C 000:076.217 - 0.159ms 
T787C 000:076.284 JLINK_ExecCommand("SetRTTSearchRanges 0x22000000 0x80000", ...). 
T787C 000:076.449 - 0.148ms returns 0x00
T191C 000:126.980 JLINK_SetSpeed(1500)
T191C 000:127.164 - 0.197ms 
T191C 000:127.182 JLINK_CORESIGHT_Configure(PerformTIFInit=0)
T191C 000:127.566 - 0.383ms returns 0
T191C 000:127.580 JLINK_CORESIGHT_ReadAPDPReg(DP reg 0x00)
T191C 000:127.976   Value=0x6BA02477
T191C 000:127.985 - 0.407ms returns 0
T191C 000:128.003 JLINK_CORESIGHT_WriteAPDPReg(DP reg 0x00, 0x0000001F)
T191C 000:128.215 - 0.212ms returns 0
T191C 000:128.223 JLINK_CORESIGHT_ReadAPDPReg(DP reg 0x00)
T191C 000:128.443   Value=0x6BA02477
T191C 000:128.451 - 0.228ms returns 0
T191C 000:128.457 JLINK_CORESIGHT_WriteAPDPReg(DP reg 0x02, 0x00000000)
T191C 000:128.664 - 0.206ms returns 0
T191C 000:128.672 JLINK_CORESIGHT_WriteAPDPReg(DP reg 0x01, 0x50000000)
T191C 000:128.879 - 0.206ms returns 0
T191C 000:128.918 JLINK_CORESIGHT_ReadAPDPReg(DP reg 0x01)
T191C 000:129.132   Value=0xF0000040
T191C 000:129.154 - 0.236ms returns 0
T191C 000:129.166 JLINK_CORESIGHT_WriteAPDPReg(DP reg 0x00, 0x0000001F)
T191C 000:129.365 - 0.199ms returns 0
T191C 000:129.379 JLINK_CORESIGHT_ReadAPDPReg(DP reg 0x00)
T191C 000:129.562   Value=0x6BA02477
T191C 000:129.575 - 0.197ms returns 0
T191C 000:129.586 JLINK_CORESIGHT_WriteAPDPReg(DP reg 0x01, 0x54000000)
T191C 000:129.764 - 0.178ms returns 0
T191C 000:129.776 JLINK_CORESIGHT_WriteAPDPReg(DP reg 0x01, 0x50000F00)
T191C 000:129.954 - 0.178ms returns 0
T191C 000:129.964 JLINK_CORESIGHT_WriteAPDPReg(DP reg 0x02, 0x01000000)
T191C 000:130.135 - 0.171ms returns 0
T191C 000:130.141 JLINK_CORESIGHT_WriteAPDPReg(AP reg 0x00, 0x80000002)
T191C 000:130.330 - 0.188ms returns 0
T191C 000:130.336 JLINK_CORESIGHT_WriteAPDPReg(AP reg 0x01, 0x80011100)
T191C 000:130.502 - 0.166ms returns 0
T191C 000:130.508 JLINK_CORESIGHT_WriteAPDPReg(AP reg 0x03, 0x000000A5)
T191C 000:130.679 - 0.170ms returns 0
T191C 000:130.691 JLINK_CORESIGHT_WriteAPDPReg(AP reg 0x00, 0x80000002)
T191C 000:130.869 - 0.177ms returns 0
T191C 000:130.876 JLINK_CORESIGHT_WriteAPDPReg(AP reg 0x01, 0x80011100)
T191C 000:131.047 - 0.171ms returns 0
T191C 000:131.053 JLINK_CORESIGHT_ReadAPDPReg(AP reg 0x03)
T191C 000:131.298   Value=0x000000A5
T191C 000:131.305 - 0.252ms returns 0
T191C 000:131.314 JLINK_ClrTMS()
T191C 000:131.367 - 0.055ms 
T191C 000:136.489 JLINK_SetTCK()
T191C 000:136.750 - 0.261ms returns 0
T191C 000:142.495 JLINK_SetRESET()
T191C 000:142.656 - 0.160ms 
T191C 000:343.567 JLINK_CORESIGHT_WriteAPDPReg(AP reg 0x00, 0x80000002)
T191C 000:343.840 - 0.275ms returns 0
T191C 000:343.859 JLINK_CORESIGHT_WriteAPDPReg(AP reg 0x01, 0x80011100)
T191C 000:344.032 - 0.173ms returns 0
T191C 000:344.038 JLINK_CORESIGHT_ReadAPDPReg(AP reg 0x03)
T191C 000:344.298   Value=0x00000000
T191C 000:344.304 - 0.266ms returns 0
T191C 000:344.311 JLINK_CORESIGHT_WriteAPDPReg(AP reg 0x00, 0x80000002)
T191C 000:344.476 - 0.164ms returns 0
T191C 000:344.482 JLINK_CORESIGHT_WriteAPDPReg(AP reg 0x01, 0x80011140)
T191C 000:344.648 - 0.166ms returns 0
T191C 000:344.656 JLINK_CORESIGHT_ReadAPDPReg(AP reg 0x03)
T191C 000:344.873   Value=0x00000002
T191C 000:344.878 - 0.223ms returns 0
T191C 000:344.884 JLINK_CORESIGHT_WriteAPDPReg(AP reg 0x00, 0x80000002)
T191C 000:345.046 - 0.161ms returns 0
T191C 000:345.052 JLINK_CORESIGHT_WriteAPDPReg(AP reg 0x01, 0x80011120)
T191C 000:345.217 - 0.165ms returns 0
T191C 000:345.223 JLINK_CORESIGHT_WriteAPDPReg(AP reg 0x03, 0x00000055)
T191C 000:345.407 - 0.184ms returns 0
T191C 000:345.413 JLINK_CORESIGHT_WriteAPDPReg(AP reg 0x00, 0x80000002)
T191C 000:345.578 - 0.165ms returns 0
T191C 000:345.584 JLINK_CORESIGHT_WriteAPDPReg(AP reg 0x01, 0x80011140)
T191C 000:345.742 - 0.158ms returns 0
T191C 000:345.748 JLINK_CORESIGHT_ReadAPDPReg(AP reg 0x03)
T191C 000:345.977   Value=0x00000000
T191C 000:346.007 - 0.258ms returns 0
T191C 000:346.024 JLINK_CORESIGHT_WriteAPDPReg(AP reg 0x00, 0x80000002)
T191C 000:346.226 - 0.202ms returns 0
T191C 000:346.238 JLINK_CORESIGHT_WriteAPDPReg(AP reg 0x01, 0x80011130)
T191C 000:346.430 - 0.192ms returns 0
T191C 000:346.445 JLINK_CORESIGHT_ReadAPDPReg(AP reg 0x03)
T191C 000:346.682   Value=0x000000C6
T191C 000:346.698 - 0.252ms returns 0
T191C 000:346.717 JLINK_CORESIGHT_WriteAPDPReg(AP reg 0x00, 0x80000002)
T191C 000:346.901 - 0.185ms returns 0
T191C 000:346.916 JLINK_CORESIGHT_WriteAPDPReg(AP reg 0x01, 0x80011140)
T191C 000:347.108 - 0.191ms returns 0
T191C 000:347.131 JLINK_CORESIGHT_ReadAPDPReg(AP reg 0x03)
T191C 000:347.362   Value=0x00000002
T191C 000:347.375 - 0.244ms returns 0
T191C 000:347.385 JLINK_CORESIGHT_WriteAPDPReg(AP reg 0x00, 0x80000002)
T191C 000:347.562 - 0.177ms returns 0
T191C 000:347.573 JLINK_CORESIGHT_WriteAPDPReg(AP reg 0x01, 0x80011120)
T191C 000:347.746 - 0.172ms returns 0
T191C 000:347.757 JLINK_CORESIGHT_WriteAPDPReg(AP reg 0x03, 0x3A010001)
T191C 000:347.953 - 0.196ms returns 0
T191C 000:347.976 JLINK_CORESIGHT_WriteAPDPReg(AP reg 0x00, 0x80000002)
T191C 000:348.153 - 0.176ms returns 0
T191C 000:348.163 JLINK_CORESIGHT_WriteAPDPReg(AP reg 0x01, 0x80011140)
T191C 000:348.361 - 0.197ms returns 0
T191C 000:348.372 JLINK_CORESIGHT_ReadAPDPReg(AP reg 0x03)
T191C 000:348.603   Value=0x00000002
T191C 000:348.614 - 0.242ms returns 0
T191C 000:348.623 JLINK_CORESIGHT_WriteAPDPReg(AP reg 0x00, 0x80000002)
T191C 000:348.798 - 0.174ms returns 0
T191C 000:348.808 JLINK_CORESIGHT_WriteAPDPReg(AP reg 0x01, 0x80011120)
T191C 000:348.986 - 0.177ms returns 0
T191C 000:348.997 JLINK_CORESIGHT_WriteAPDPReg(AP reg 0x03, 0x000003C5)
T191C 000:349.182 - 0.185ms returns 0
T191C 000:349.199 JLINK_CORESIGHT_WriteAPDPReg(AP reg 0x00, 0x80000002)
T191C 000:349.414 - 0.214ms returns 0
T191C 000:349.427 JLINK_CORESIGHT_WriteAPDPReg(AP reg 0x01, 0x80011140)
T191C 000:349.606 - 0.179ms returns 0
T191C 000:349.617 JLINK_CORESIGHT_ReadAPDPReg(AP reg 0x03)
T191C 000:349.864   Value=0x00000002
T191C 000:349.877 - 0.259ms returns 0
T191C 000:349.884 JLINK_CORESIGHT_ReadAPDPReg(AP reg 0x03)
T191C 000:350.212   Value=0x00000002
T191C 000:350.220 - 0.336ms returns 0
T191C 000:350.226 JLINK_CORESIGHT_ReadAPDPReg(AP reg 0x03)
T191C 000:350.530   Value=0x00000002
T191C 000:350.547 - 0.320ms returns 0
T191C 000:350.558 JLINK_CORESIGHT_ReadAPDPReg(AP reg 0x03)
T191C 000:350.821   Value=0x00000002
T191C 000:350.849 - 0.291ms returns 0
T191C 000:350.858 JLINK_CORESIGHT_ReadAPDPReg(AP reg 0x03)
T191C 000:351.138   Value=0x00000002
T191C 000:351.158 - 0.300ms returns 0
T191C 000:351.167 JLINK_CORESIGHT_ReadAPDPReg(AP reg 0x03)
T191C 000:351.390   Value=0x00000002
T191C 000:351.403 - 0.236ms returns 0
T191C 000:351.412 JLINK_CORESIGHT_ReadAPDPReg(AP reg 0x03)
T191C 000:351.652   Value=0x00000002
T191C 000:351.667 - 0.255ms returns 0
T191C 000:351.674 JLINK_CORESIGHT_ReadAPDPReg(AP reg 0x03)
T191C 000:351.922   Value=0x00000002
T191C 000:351.943 - 0.268ms returns 0
T191C 000:351.953 JLINK_CORESIGHT_ReadAPDPReg(AP reg 0x03)
T191C 000:352.196   Value=0x00000002
T191C 000:352.209 - 0.256ms returns 0
T191C 000:352.218 JLINK_CORESIGHT_ReadAPDPReg(AP reg 0x03)
T191C 000:352.467   Value=0x00000002
T191C 000:352.479 - 0.260ms returns 0
T191C 000:352.487 JLINK_CORESIGHT_ReadAPDPReg(AP reg 0x03)
T191C 000:352.725   Value=0x00000002
T191C 000:352.749 - 0.261ms returns 0
T191C 000:352.761 JLINK_CORESIGHT_ReadAPDPReg(AP reg 0x03)
T191C 000:353.023   Value=0x00000002
T191C 000:353.041 - 0.279ms returns 0
T191C 000:353.398 JLINK_CORESIGHT_ReadAPDPReg(AP reg 0x03)
T191C 000:353.639   Value=0x00000002
T191C 000:353.651 - 0.253ms returns 0
T191C 000:353.660 JLINK_CORESIGHT_ReadAPDPReg(AP reg 0x03)
T191C 000:353.887   Value=0x00000000
T191C 000:353.899 - 0.239ms returns 0
T191C 000:353.908 JLINK_CORESIGHT_WriteAPDPReg(AP reg 0x00, 0x80000002)
T191C 000:354.107 - 0.199ms returns 0
T191C 000:354.124 JLINK_CORESIGHT_WriteAPDPReg(AP reg 0x01, 0x80011130)
T191C 000:354.330 - 0.206ms returns 0
T191C 000:354.345 JLINK_CORESIGHT_ReadAPDPReg(AP reg 0x03)
T191C 000:354.567   Value=0x3A2A0081
T191C 000:354.582 - 0.237ms returns 0
T191C 000:354.590 JLINK_CORESIGHT_WriteAPDPReg(AP reg 0x00, 0x80000002)
T191C 000:354.758 - 0.168ms returns 0
T191C 000:354.764 JLINK_CORESIGHT_WriteAPDPReg(AP reg 0x01, 0x80011140)
T191C 000:354.929 - 0.164ms returns 0
T191C 000:354.935 JLINK_CORESIGHT_ReadAPDPReg(AP reg 0x03)
T191C 000:355.151   Value=0x00000000
T191C 000:355.157 - 0.222ms returns 0
T191C 000:355.163 JLINK_CORESIGHT_WriteAPDPReg(AP reg 0x00, 0x80000002)
T191C 000:355.328 - 0.165ms returns 0
T191C 000:355.334 JLINK_CORESIGHT_WriteAPDPReg(AP reg 0x01, 0x80011130)
T191C 000:355.498 - 0.164ms returns 0
T191C 000:355.503 JLINK_CORESIGHT_ReadAPDPReg(AP reg 0x03)
T191C 000:355.720   Value=0x808D5B00
T191C 000:355.726 - 0.222ms returns 0
T191C 000:356.032 JLINK_CORESIGHT_WriteAPDPReg(AP reg 0x00, 0x80000002)
T191C 000:356.313 - 0.281ms returns 0
T191C 000:356.333 JLINK_CORESIGHT_WriteAPDPReg(AP reg 0x01, 0x80011140)
T191C 000:356.514 - 0.180ms returns 0
T191C 000:356.531 JLINK_CORESIGHT_ReadAPDPReg(AP reg 0x03)
T191C 000:356.763   Value=0x00000000
T191C 000:356.774 - 0.243ms returns 0
T191C 000:356.781 JLINK_CORESIGHT_WriteAPDPReg(AP reg 0x00, 0x80000002)
T191C 000:356.958 - 0.176ms returns 0
T191C 000:356.968 JLINK_CORESIGHT_WriteAPDPReg(AP reg 0x01, 0x80011130)
T191C 000:357.172 - 0.204ms returns 0
T191C 000:357.178 JLINK_CORESIGHT_ReadAPDPReg(AP reg 0x03)
T191C 000:357.459   Value=0x0603030B
T191C 000:357.465 - 0.287ms returns 0
T191C 000:357.470 JLINK_CORESIGHT_WriteAPDPReg(AP reg 0x00, 0x80000002)
T191C 000:357.635 - 0.165ms returns 0
T191C 000:357.641 JLINK_CORESIGHT_WriteAPDPReg(AP reg 0x01, 0x80011140)
T191C 000:357.804 - 0.163ms returns 0
T191C 000:357.810 JLINK_CORESIGHT_ReadAPDPReg(AP reg 0x03)
T191C 000:358.031   Value=0x00000000
T191C 000:358.037 - 0.227ms returns 0
T191C 000:358.047 JLINK_CORESIGHT_WriteAPDPReg(AP reg 0x00, 0x80000002)
T191C 000:358.222 - 0.174ms returns 0
T191C 000:358.230 JLINK_CORESIGHT_WriteAPDPReg(AP reg 0x01, 0x80011130)
T191C 000:358.407 - 0.177ms returns 0
T191C 000:358.415 JLINK_CORESIGHT_ReadAPDPReg(AP reg 0x03)
T191C 000:358.635   Value=0x2E4B4E20
T191C 000:358.641 - 0.226ms returns 0
T191C 000:358.649 JLINK_CORESIGHT_WriteAPDPReg(AP reg 0x00, 0x80000002)
T191C 000:358.843 - 0.194ms returns 0
T191C 000:358.874 JLINK_CORESIGHT_WriteAPDPReg(AP reg 0x01, 0x80011140)
T191C 000:359.048 - 0.174ms returns 0
T191C 000:359.060 JLINK_CORESIGHT_ReadAPDPReg(AP reg 0x03)
T191C 000:359.304   Value=0x00000000
T191C 000:359.310 - 0.250ms returns 0
T191C 000:359.316 JLINK_CORESIGHT_WriteAPDPReg(AP reg 0x00, 0x80000002)
T191C 000:359.480 - 0.164ms returns 0
T191C 000:359.485 JLINK_CORESIGHT_WriteAPDPReg(AP reg 0x01, 0x80011130)
T191C 000:359.649 - 0.163ms returns 0
T191C 000:359.655 JLINK_CORESIGHT_ReadAPDPReg(AP reg 0x03)
T191C 000:359.877   Value=0x4E63C092
T191C 000:359.882 - 0.228ms returns 0
T191C 000:359.888 JLINK_CORESIGHT_WriteAPDPReg(AP reg 0x00, 0x80000002)
T191C 000:360.057 - 0.169ms returns 0
T191C 000:360.063 JLINK_CORESIGHT_WriteAPDPReg(AP reg 0x01, 0x80011140)
T191C 000:360.297 - 0.234ms returns 0
T191C 000:360.303 JLINK_CORESIGHT_ReadAPDPReg(AP reg 0x03)
T191C 000:360.523   Value=0x00000000
T191C 000:360.529 - 0.226ms returns 0
T191C 000:360.534 JLINK_CORESIGHT_WriteAPDPReg(AP reg 0x00, 0x80000002)
T191C 000:360.698 - 0.163ms returns 0
T191C 000:360.703 JLINK_CORESIGHT_WriteAPDPReg(AP reg 0x01, 0x80011130)
T191C 000:360.868 - 0.164ms returns 0
T191C 000:360.873 JLINK_CORESIGHT_ReadAPDPReg(AP reg 0x03)
T191C 000:361.089   Value=0x34503036
T191C 000:361.095 - 0.222ms returns 0
T191C 000:361.100 JLINK_CORESIGHT_WriteAPDPReg(AP reg 0x00, 0x80000002)
T191C 000:361.297 - 0.196ms returns 0
T191C 000:361.302 JLINK_CORESIGHT_WriteAPDPReg(AP reg 0x01, 0x80011140)
T191C 000:361.465 - 0.163ms returns 0
T191C 000:361.471 JLINK_CORESIGHT_ReadAPDPReg(AP reg 0x03)
T191C 000:361.685   Value=0x00000000
T191C 000:361.691 - 0.219ms returns 0
T191C 000:361.696 JLINK_CORESIGHT_WriteAPDPReg(AP reg 0x00, 0x80000002)
T191C 000:361.861 - 0.164ms returns 0
T191C 000:361.866 JLINK_CORESIGHT_WriteAPDPReg(AP reg 0x01, 0x80011130)
T191C 000:362.026 - 0.160ms returns 0
T191C 000:362.032 JLINK_CORESIGHT_ReadAPDPReg(AP reg 0x03)
T191C 000:362.297   Value=0x7E142D36
T191C 000:362.303 - 0.271ms returns 0
T191C 000:362.308 JLINK_CORESIGHT_WriteAPDPReg(AP reg 0x00, 0x80000002)
T191C 000:362.472 - 0.164ms returns 0
T191C 000:362.478 JLINK_CORESIGHT_WriteAPDPReg(AP reg 0x01, 0x80011140)
T191C 000:362.642 - 0.163ms returns 0
T191C 000:362.647 JLINK_CORESIGHT_ReadAPDPReg(AP reg 0x03)
T191C 000:362.862   Value=0x00000000
T191C 000:362.868 - 0.221ms returns 0
T191C 000:362.874 JLINK_CORESIGHT_WriteAPDPReg(AP reg 0x00, 0x80000002)
T191C 000:363.038 - 0.164ms returns 0
T191C 000:363.052 JLINK_CORESIGHT_WriteAPDPReg(AP reg 0x01, 0x80011130)
T191C 000:363.215 - 0.163ms returns 0
T191C 000:363.224 JLINK_CORESIGHT_ReadAPDPReg(AP reg 0x03)
T191C 000:363.458   Value=0x4637528E
T191C 000:363.464 - 0.240ms returns 0
T191C 000:363.471 JLINK_CORESIGHT_WriteAPDPReg(AP reg 0x00, 0x80000002)
T191C 000:363.640 - 0.168ms returns 0
T191C 000:363.648 JLINK_CORESIGHT_WriteAPDPReg(AP reg 0x01, 0x80011140)
T191C 000:363.819 - 0.171ms returns 0
T191C 000:363.827 JLINK_CORESIGHT_ReadAPDPReg(AP reg 0x03)
T191C 000:364.050   Value=0x00000000
T191C 000:364.055 - 0.228ms returns 0
T191C 000:364.063 JLINK_CORESIGHT_WriteAPDPReg(AP reg 0x00, 0x80000002)
T191C 000:364.297 - 0.234ms returns 0
T191C 000:364.305 JLINK_CORESIGHT_WriteAPDPReg(AP reg 0x01, 0x80011130)
T191C 000:364.474 - 0.169ms returns 0
T191C 000:364.482 JLINK_CORESIGHT_ReadAPDPReg(AP reg 0x03)
T191C 000:364.702   Value=0x314D3841
T191C 000:364.708 - 0.226ms returns 0
T191C 000:364.716 JLINK_CORESIGHT_WriteAPDPReg(AP reg 0x00, 0x80000002)
T191C 000:364.883 - 0.167ms returns 0
T191C 000:364.891 JLINK_CORESIGHT_WriteAPDPReg(AP reg 0x01, 0x80011140)
T191C 000:365.062 - 0.171ms returns 0
T191C 000:365.070 JLINK_CORESIGHT_ReadAPDPReg(AP reg 0x03)
T191C 000:365.297   Value=0x00000000
T191C 000:365.303 - 0.233ms returns 0
T191C 000:365.310 JLINK_CORESIGHT_WriteAPDPReg(AP reg 0x00, 0x80000002)
T191C 000:365.479 - 0.168ms returns 0
T191C 000:365.486 JLINK_CORESIGHT_WriteAPDPReg(AP reg 0x01, 0x80011130)
T191C 000:365.659 - 0.172ms returns 0
T191C 000:365.667 JLINK_CORESIGHT_ReadAPDPReg(AP reg 0x03)
T191C 000:365.888   Value=0x43454841
T191C 000:365.894 - 0.227ms returns 0
T191C 000:365.957 JLINK_CORESIGHT_WriteAPDPReg(AP reg 0x00, 0x80000002)
T191C 000:366.130 - 0.173ms returns 0
T191C 000:366.138 JLINK_CORESIGHT_WriteAPDPReg(AP reg 0x01, 0x80011140)
T191C 000:366.327 - 0.189ms returns 0
T191C 000:366.335 JLINK_CORESIGHT_ReadAPDPReg(AP reg 0x03)
T191C 000:366.556   Value=0x00000000
T191C 000:366.562 - 0.226ms returns 0
T191C 000:366.569 JLINK_CORESIGHT_WriteAPDPReg(AP reg 0x00, 0x80000002)
T191C 000:366.738 - 0.168ms returns 0
T191C 000:366.745 JLINK_CORESIGHT_WriteAPDPReg(AP reg 0x01, 0x80011130)
T191C 000:366.914 - 0.168ms returns 0
T191C 000:366.922 JLINK_CORESIGHT_ReadAPDPReg(AP reg 0x03)
T191C 000:367.214   Value=0x20204442
T191C 000:367.237 - 0.314ms returns 0
T191C 000:367.600 JLINK_CORESIGHT_WriteAPDPReg(AP reg 0x00, 0x80000002)
T191C 000:367.842 - 0.242ms returns 0
T191C 000:367.858 JLINK_CORESIGHT_WriteAPDPReg(AP reg 0x01, 0x80011140)
T191C 000:368.217 - 0.358ms returns 0
T191C 000:368.246 JLINK_CORESIGHT_ReadAPDPReg(AP reg 0x03)
T191C 000:368.610   Value=0x00000000
T191C 000:368.627 - 0.381ms returns 0
T191C 000:368.638 JLINK_CORESIGHT_WriteAPDPReg(AP reg 0x00, 0x80000002)
T191C 000:368.827 - 0.188ms returns 0
T191C 000:368.845 JLINK_CORESIGHT_WriteAPDPReg(AP reg 0x01, 0x80011130)
T191C 000:369.016 - 0.171ms returns 0
T191C 000:369.028 JLINK_CORESIGHT_ReadAPDPReg(AP reg 0x03)
T191C 000:369.512   Value=0x00030920
T191C 000:369.557 - 0.528ms returns 0
T191C 000:369.772 JLINK_CORESIGHT_WriteAPDPReg(AP reg 0x00, 0x80000002)
T191C 000:370.010 - 0.238ms returns 0
T191C 000:370.028 JLINK_CORESIGHT_WriteAPDPReg(AP reg 0x01, 0x80011140)
T191C 000:370.204 - 0.176ms returns 0
T191C 000:370.220 JLINK_CORESIGHT_ReadAPDPReg(AP reg 0x03)
T191C 000:370.459   Value=0x00000002
T191C 000:370.466 - 0.246ms returns 0
T191C 000:370.472 JLINK_CORESIGHT_WriteAPDPReg(AP reg 0x00, 0x80000002)
T191C 000:370.636 - 0.164ms returns 0
T191C 000:370.642 JLINK_CORESIGHT_WriteAPDPReg(AP reg 0x01, 0x80011120)
T191C 000:370.807 - 0.165ms returns 0
T191C 000:370.813 JLINK_CORESIGHT_WriteAPDPReg(AP reg 0x03, 0x2C010001)
T191C 000:370.978 - 0.165ms returns 0
T191C 000:370.984 JLINK_CORESIGHT_WriteAPDPReg(AP reg 0x00, 0x80000002)
T191C 000:371.199 - 0.214ms returns 0
T191C 000:371.215 JLINK_CORESIGHT_WriteAPDPReg(AP reg 0x01, 0x80011140)
T191C 000:371.419 - 0.204ms returns 0
T191C 000:371.436 JLINK_CORESIGHT_ReadAPDPReg(AP reg 0x03)
T191C 000:371.667   Value=0x00000002
T191C 000:371.679 - 0.243ms returns 0
T191C 000:371.689 JLINK_CORESIGHT_WriteAPDPReg(AP reg 0x00, 0x80000002)
T191C 000:371.858 - 0.169ms returns 0
T191C 000:371.869 JLINK_CORESIGHT_WriteAPDPReg(AP reg 0x01, 0x80011120)
T191C 000:372.048 - 0.178ms returns 0
T191C 000:372.058 JLINK_CORESIGHT_WriteAPDPReg(AP reg 0x03, 0x000003D3)
T191C 000:372.299 - 0.240ms returns 0
T191C 000:372.310 JLINK_CORESIGHT_WriteAPDPReg(AP reg 0x00, 0x80000002)
T191C 000:372.491 - 0.181ms returns 0
T191C 000:372.501 JLINK_CORESIGHT_WriteAPDPReg(AP reg 0x01, 0x80011140)
T191C 000:372.674 - 0.173ms returns 0
T191C 000:372.685 JLINK_CORESIGHT_ReadAPDPReg(AP reg 0x03)
T191C 000:372.912   Value=0x00000002
T191C 000:372.924 - 0.238ms returns 0
T191C 000:372.932 JLINK_CORESIGHT_ReadAPDPReg(AP reg 0x03)
T191C 000:373.152   Value=0x00000002
T191C 000:373.163 - 0.231ms returns 0
T191C 000:373.172 JLINK_CORESIGHT_ReadAPDPReg(AP reg 0x03)
T191C 000:373.390   Value=0x00000002
T191C 000:373.399 - 0.227ms returns 0
T191C 000:373.406 JLINK_CORESIGHT_ReadAPDPReg(AP reg 0x03)
T191C 000:373.626   Value=0x00000002
T191C 000:373.632 - 0.226ms returns 0
T191C 000:373.637 JLINK_CORESIGHT_ReadAPDPReg(AP reg 0x03)
T191C 000:373.854   Value=0x00000002
T191C 000:373.860 - 0.222ms returns 0
T191C 000:373.865 JLINK_CORESIGHT_ReadAPDPReg(AP reg 0x03)
T191C 000:374.083   Value=0x00000002
T191C 000:374.089 - 0.223ms returns 0
T191C 000:374.094 JLINK_CORESIGHT_ReadAPDPReg(AP reg 0x03)
T191C 000:374.298   Value=0x00000002
T191C 000:374.303 - 0.209ms returns 0
T191C 000:374.309 JLINK_CORESIGHT_ReadAPDPReg(AP reg 0x03)
T191C 000:374.523   Value=0x00000002
T191C 000:374.538 - 0.229ms returns 0
T191C 000:374.543 JLINK_CORESIGHT_ReadAPDPReg(AP reg 0x03)
T191C 000:374.761   Value=0x00000002
T191C 000:374.767 - 0.224ms returns 0
T191C 000:374.772 JLINK_CORESIGHT_ReadAPDPReg(AP reg 0x03)
T191C 000:374.988   Value=0x00000002
T191C 000:374.993 - 0.221ms returns 0
T191C 000:374.998 JLINK_CORESIGHT_ReadAPDPReg(AP reg 0x03)
T191C 000:375.214   Value=0x00000002
T191C 000:375.220 - 0.221ms returns 0
T191C 000:375.225 JLINK_CORESIGHT_ReadAPDPReg(AP reg 0x03)
T191C 000:375.459   Value=0x00000002
T191C 000:375.465 - 0.239ms returns 0
T191C 000:375.470 JLINK_CORESIGHT_ReadAPDPReg(AP reg 0x03)
T191C 000:375.686   Value=0x00000002
T191C 000:375.692 - 0.221ms returns 0
T191C 000:375.697 JLINK_CORESIGHT_ReadAPDPReg(AP reg 0x03)
T191C 000:375.933   Value=0x00000002
T191C 000:375.956 - 0.259ms returns 0
T191C 000:375.965 JLINK_CORESIGHT_ReadAPDPReg(AP reg 0x03)
T191C 000:376.197   Value=0x00000002
T191C 000:376.204 - 0.239ms returns 0
T191C 000:376.210 JLINK_CORESIGHT_ReadAPDPReg(AP reg 0x03)
T191C 000:376.459   Value=0x00000000
T191C 000:376.465 - 0.255ms returns 0
T191C 000:376.470 JLINK_CORESIGHT_WriteAPDPReg(AP reg 0x00, 0x80000002)
T191C 000:376.635 - 0.164ms returns 0
T191C 000:376.641 JLINK_CORESIGHT_WriteAPDPReg(AP reg 0x01, 0x80011130)
T191C 000:376.804 - 0.163ms returns 0
T191C 000:376.810 JLINK_CORESIGHT_ReadAPDPReg(AP reg 0x03)
T191C 000:377.025   Value=0x2C020081
T191C 000:377.030 - 0.220ms returns 0
T191C 000:377.036 JLINK_CORESIGHT_WriteAPDPReg(AP reg 0x00, 0x80000002)
T191C 000:377.200 - 0.164ms returns 0
T191C 000:377.209 JLINK_CORESIGHT_WriteAPDPReg(AP reg 0x01, 0x80011140)
T191C 000:377.406 - 0.197ms returns 0
T191C 000:377.415 JLINK_CORESIGHT_ReadAPDPReg(AP reg 0x03)
T191C 000:377.637   Value=0x00000000
T191C 000:377.643 - 0.228ms returns 0
T191C 000:377.651 JLINK_CORESIGHT_WriteAPDPReg(AP reg 0x00, 0x80000002)
T191C 000:377.821 - 0.170ms returns 0
T191C 000:377.829 JLINK_CORESIGHT_WriteAPDPReg(AP reg 0x01, 0x80011130)
T191C 000:377.997 - 0.168ms returns 0
T191C 000:378.005 JLINK_CORESIGHT_ReadAPDPReg(AP reg 0x03)
T191C 000:378.298   Value=0x0003CE04
T191C 000:378.304 - 0.298ms returns 0
T191C 000:378.655 JLINK_CORESIGHT_WriteAPDPReg(AP reg 0x00, 0x80000002)
T191C 000:378.846 - 0.192ms returns 0
T191C 000:378.852 JLINK_CORESIGHT_WriteAPDPReg(AP reg 0x01, 0x80011140)
T191C 000:379.017 - 0.165ms returns 0
T191C 000:379.023 JLINK_CORESIGHT_ReadAPDPReg(AP reg 0x03)
T191C 000:379.299   Value=0x00000002
T191C 000:379.305 - 0.282ms returns 0
T191C 000:379.314 JLINK_CORESIGHT_WriteAPDPReg(AP reg 0x00, 0x80000002)
T191C 000:379.485 - 0.171ms returns 0
T191C 000:379.493 JLINK_CORESIGHT_WriteAPDPReg(AP reg 0x01, 0x80011120)
T191C 000:379.664 - 0.170ms returns 0
T191C 000:379.672 JLINK_CORESIGHT_WriteAPDPReg(AP reg 0x03, 0x73010001)
T191C 000:379.842 - 0.170ms returns 0
T191C 000:379.850 JLINK_CORESIGHT_WriteAPDPReg(AP reg 0x00, 0x80000002)
T191C 000:380.019 - 0.169ms returns 0
T191C 000:380.027 JLINK_CORESIGHT_WriteAPDPReg(AP reg 0x01, 0x80011140)
T191C 000:380.198 - 0.170ms returns 0
T191C 000:380.206 JLINK_CORESIGHT_ReadAPDPReg(AP reg 0x03)
T191C 000:380.460   Value=0x00000002
T191C 000:380.466 - 0.260ms returns 0
T191C 000:380.473 JLINK_CORESIGHT_WriteAPDPReg(AP reg 0x00, 0x80000002)
T191C 000:380.644 - 0.170ms returns 0
T191C 000:380.652 JLINK_CORESIGHT_WriteAPDPReg(AP reg 0x01, 0x80011120)
T191C 000:380.823 - 0.170ms returns 0
T191C 000:380.831 JLINK_CORESIGHT_WriteAPDPReg(AP reg 0x03, 0x0000038C)
T191C 000:381.001 - 0.170ms returns 0
T191C 000:381.009 JLINK_CORESIGHT_WriteAPDPReg(AP reg 0x00, 0x80000002)
T191C 000:381.179 - 0.170ms returns 0
T191C 000:381.187 JLINK_CORESIGHT_WriteAPDPReg(AP reg 0x01, 0x80011140)
T191C 000:381.408 - 0.220ms returns 0
T191C 000:381.427 JLINK_CORESIGHT_ReadAPDPReg(AP reg 0x03)
T191C 000:381.650   Value=0x00000002
T191C 000:381.656 - 0.229ms returns 0
T191C 000:381.664 JLINK_CORESIGHT_ReadAPDPReg(AP reg 0x03)
T191C 000:381.886   Value=0x00000002
T191C 000:381.895 - 0.231ms returns 0
T191C 000:381.903 JLINK_CORESIGHT_ReadAPDPReg(AP reg 0x03)
T191C 000:382.125   Value=0x00000002
T191C 000:382.131 - 0.228ms returns 0
T191C 000:382.139 JLINK_CORESIGHT_ReadAPDPReg(AP reg 0x03)
T191C 000:382.355   Value=0x00000002
T191C 000:382.361 - 0.222ms returns 0
T191C 000:382.368 JLINK_CORESIGHT_ReadAPDPReg(AP reg 0x03)
T191C 000:382.590   Value=0x00000002
T191C 000:382.596 - 0.228ms returns 0
T191C 000:382.604 JLINK_CORESIGHT_ReadAPDPReg(AP reg 0x03)
T191C 000:382.828   Value=0x00000000
T191C 000:382.833 - 0.229ms returns 0
T191C 000:382.841 JLINK_CORESIGHT_WriteAPDPReg(AP reg 0x00, 0x80000002)
T191C 000:383.012 - 0.171ms returns 0
T191C 000:383.020 JLINK_CORESIGHT_WriteAPDPReg(AP reg 0x01, 0x80011130)
T191C 000:383.190 - 0.169ms returns 0
T191C 000:383.198 JLINK_CORESIGHT_ReadAPDPReg(AP reg 0x03)
T191C 000:383.460   Value=0x73020081
T191C 000:383.466 - 0.268ms returns 0
T191C 000:383.474 JLINK_CORESIGHT_WriteAPDPReg(AP reg 0x00, 0x80000002)
T191C 000:383.702 - 0.228ms returns 0
T191C 000:383.710 JLINK_CORESIGHT_WriteAPDPReg(AP reg 0x01, 0x80011140)
T191C 000:383.884 - 0.173ms returns 0
T191C 000:383.907 JLINK_CORESIGHT_ReadAPDPReg(AP reg 0x03)
T191C 000:384.137   Value=0x00000000
T191C 000:384.148 - 0.241ms returns 0
T191C 000:384.157 JLINK_CORESIGHT_WriteAPDPReg(AP reg 0x00, 0x80000002)
T191C 000:384.331 - 0.174ms returns 0
T191C 000:384.342 JLINK_CORESIGHT_WriteAPDPReg(AP reg 0x01, 0x80011130)
T191C 000:384.525 - 0.183ms returns 0
T191C 000:384.536 JLINK_CORESIGHT_ReadAPDPReg(AP reg 0x03)
T191C 000:384.783   Value=0x00038902
T191C 000:384.794 - 0.258ms returns 0
T191C 000:384.805 JLINK_CORESIGHT_WriteAPDPReg(AP reg 0x00, 0x80000002)
T191C 000:384.988 - 0.182ms returns 0
T191C 000:385.011 JLINK_CORESIGHT_WriteAPDPReg(AP reg 0x01, 0x80011140)
T191C 000:385.199 - 0.187ms returns 0
T191C 000:385.214 JLINK_CORESIGHT_ReadAPDPReg(AP reg 0x03)
T191C 000:385.480   Value=0x00000002
T191C 000:385.488 - 0.274ms returns 0
T191C 000:385.494 JLINK_CORESIGHT_WriteAPDPReg(AP reg 0x00, 0x80000002)
T191C 000:385.692 - 0.197ms returns 0
T191C 000:385.714 JLINK_CORESIGHT_WriteAPDPReg(AP reg 0x01, 0x80011120)
T191C 000:386.019 - 0.203ms returns 0
T191C 000:386.057 JLINK_CORESIGHT_WriteAPDPReg(AP reg 0x03, 0x75010001)
T191C 000:386.305 - 0.249ms returns 0
T191C 000:386.317 JLINK_CORESIGHT_WriteAPDPReg(AP reg 0x00, 0x80000002)
T191C 000:386.503 - 0.185ms returns 0
T191C 000:386.527 JLINK_CORESIGHT_WriteAPDPReg(AP reg 0x01, 0x80011140)
T191C 000:386.742 - 0.214ms returns 0
T191C 000:386.751 JLINK_CORESIGHT_ReadAPDPReg(AP reg 0x03)
T191C 000:386.997   Value=0x00000002
T191C 000:387.017 - 0.266ms returns 0
T191C 000:387.029 JLINK_CORESIGHT_WriteAPDPReg(AP reg 0x00, 0x80000002)
T191C 000:387.216 - 0.188ms returns 0
T191C 000:387.224 JLINK_CORESIGHT_WriteAPDPReg(AP reg 0x01, 0x80011120)
T191C 000:387.408 - 0.184ms returns 0
T191C 000:387.414 JLINK_CORESIGHT_WriteAPDPReg(AP reg 0x03, 0x0000038A)
T191C 000:387.578 - 0.164ms returns 0
T191C 000:387.584 JLINK_CORESIGHT_WriteAPDPReg(AP reg 0x00, 0x80000002)
T191C 000:387.750 - 0.165ms returns 0
T191C 000:387.755 JLINK_CORESIGHT_WriteAPDPReg(AP reg 0x01, 0x80011140)
T191C 000:387.951 - 0.195ms returns 0
T191C 000:387.974 JLINK_CORESIGHT_ReadAPDPReg(AP reg 0x03)
T191C 000:388.204   Value=0x00000002
T191C 000:388.217 - 0.242ms returns 0
T191C 000:388.225 JLINK_CORESIGHT_ReadAPDPReg(AP reg 0x03)
T191C 000:388.460   Value=0x00000002
T191C 000:388.471 - 0.246ms returns 0
T191C 000:388.481 JLINK_CORESIGHT_ReadAPDPReg(AP reg 0x03)
T191C 000:388.705   Value=0x00000002
T191C 000:388.716 - 0.235ms returns 0
T191C 000:388.724 JLINK_CORESIGHT_ReadAPDPReg(AP reg 0x03)
T191C 000:388.948   Value=0x00000002
T191C 000:388.959 - 0.235ms returns 0
T191C 000:388.974 JLINK_CORESIGHT_ReadAPDPReg(AP reg 0x03)
T191C 000:389.202   Value=0x00000002
T191C 000:389.214 - 0.239ms returns 0
T191C 000:389.226 JLINK_CORESIGHT_ReadAPDPReg(AP reg 0x03)
T191C 000:389.461   Value=0x00000002
T191C 000:389.468 - 0.242ms returns 0
T191C 000:389.484 JLINK_CORESIGHT_ReadAPDPReg(AP reg 0x03)
T191C 000:389.754   Value=0x00000002
T191C 000:389.760 - 0.275ms returns 0
T191C 000:389.768 JLINK_CORESIGHT_ReadAPDPReg(AP reg 0x03)
T191C 000:390.024   Value=0x00000002
T191C 000:390.030 - 0.262ms returns 0
T191C 000:390.037 JLINK_CORESIGHT_ReadAPDPReg(AP reg 0x03)
T191C 000:390.298   Value=0x00000002
T191C 000:390.304 - 0.266ms returns 0
T191C 000:390.311 JLINK_CORESIGHT_ReadAPDPReg(AP reg 0x03)
T191C 000:390.534   Value=0x00000002
T191C 000:390.540 - 0.228ms returns 0
T191C 000:390.547 JLINK_CORESIGHT_ReadAPDPReg(AP reg 0x03)
T191C 000:390.769   Value=0x00000002
T191C 000:390.775 - 0.227ms returns 0
T191C 000:390.782 JLINK_CORESIGHT_ReadAPDPReg(AP reg 0x03)
T191C 000:391.003   Value=0x00000000
T191C 000:391.009 - 0.227ms returns 0
T191C 000:391.017 JLINK_CORESIGHT_WriteAPDPReg(AP reg 0x00, 0x80000002)
T191C 000:391.187 - 0.170ms returns 0
T191C 000:391.195 JLINK_CORESIGHT_WriteAPDPReg(AP reg 0x01, 0x80011130)
T191C 000:391.408 - 0.213ms returns 0
T191C 000:391.416 JLINK_CORESIGHT_ReadAPDPReg(AP reg 0x03)
T191C 000:391.636   Value=0x75020081
T191C 000:391.642 - 0.226ms returns 0
T191C 000:391.650 JLINK_CORESIGHT_WriteAPDPReg(AP reg 0x00, 0x80000002)
T191C 000:391.821 - 0.171ms returns 0
T191C 000:391.828 JLINK_CORESIGHT_WriteAPDPReg(AP reg 0x01, 0x80011140)
T191C 000:392.016 - 0.187ms returns 0
T191C 000:392.024 JLINK_CORESIGHT_ReadAPDPReg(AP reg 0x03)
T191C 000:392.298   Value=0x00000000
T191C 000:392.304 - 0.279ms returns 0
T191C 000:392.311 JLINK_CORESIGHT_WriteAPDPReg(AP reg 0x00, 0x80000002)
T191C 000:392.481 - 0.169ms returns 0
T191C 000:392.489 JLINK_CORESIGHT_WriteAPDPReg(AP reg 0x01, 0x80011130)
T191C 000:392.659 - 0.170ms returns 0
T191C 000:392.667 JLINK_CORESIGHT_ReadAPDPReg(AP reg 0x03)
T191C 000:392.892   Value=0x00038702
T191C 000:392.898 - 0.231ms returns 0
T191C 000:393.243 JLINK_CORESIGHT_WriteAPDPReg(AP reg 0x00, 0x80000002)
T191C 000:393.432 - 0.190ms returns 0
T191C 000:393.438 JLINK_CORESIGHT_WriteAPDPReg(AP reg 0x01, 0x80011140)
T191C 000:393.599 - 0.160ms returns 0
T191C 000:393.604 JLINK_CORESIGHT_ReadAPDPReg(AP reg 0x03)
T191C 000:393.820   Value=0x00000002
T191C 000:393.826 - 0.222ms returns 0
T191C 000:393.832 JLINK_CORESIGHT_WriteAPDPReg(AP reg 0x00, 0x80000002)
T191C 000:394.000 - 0.168ms returns 0
T191C 000:394.009 JLINK_CORESIGHT_WriteAPDPReg(AP reg 0x01, 0x80011120)
T191C 000:394.180 - 0.171ms returns 0
T191C 000:394.188 JLINK_CORESIGHT_WriteAPDPReg(AP reg 0x03, 0x4F010001)
T191C 000:394.407 - 0.219ms returns 0
T191C 000:394.416 JLINK_CORESIGHT_WriteAPDPReg(AP reg 0x00, 0x80000002)
T191C 000:394.585 - 0.170ms returns 0
T191C 000:394.593 JLINK_CORESIGHT_WriteAPDPReg(AP reg 0x01, 0x80011140)
T191C 000:394.763 - 0.170ms returns 0
T191C 000:394.772 JLINK_CORESIGHT_ReadAPDPReg(AP reg 0x03)
T191C 000:394.993   Value=0x00000002
T191C 000:394.999 - 0.227ms returns 0
T191C 000:395.006 JLINK_CORESIGHT_WriteAPDPReg(AP reg 0x00, 0x80000002)
T191C 000:395.181 - 0.174ms returns 0
T191C 000:395.189 JLINK_CORESIGHT_WriteAPDPReg(AP reg 0x01, 0x80011120)
T191C 000:395.408 - 0.219ms returns 0
T191C 000:395.416 JLINK_CORESIGHT_WriteAPDPReg(AP reg 0x03, 0x000003B0)
T191C 000:395.588 - 0.172ms returns 0
T191C 000:395.596 JLINK_CORESIGHT_WriteAPDPReg(AP reg 0x00, 0x80000002)
T191C 000:395.800 - 0.204ms returns 0
T191C 000:395.808 JLINK_CORESIGHT_WriteAPDPReg(AP reg 0x01, 0x80011140)
T191C 000:395.974 - 0.165ms returns 0
T191C 000:395.982 JLINK_CORESIGHT_ReadAPDPReg(AP reg 0x03)
T191C 000:396.206   Value=0x00000002
T191C 000:396.212 - 0.229ms returns 0
T191C 000:396.219 JLINK_CORESIGHT_ReadAPDPReg(AP reg 0x03)
T191C 000:396.459   Value=0x00000002
T191C 000:396.464 - 0.245ms returns 0
T191C 000:396.472 JLINK_CORESIGHT_ReadAPDPReg(AP reg 0x03)
T191C 000:396.694   Value=0x00000002
T191C 000:396.700 - 0.228ms returns 0
T191C 000:396.708 JLINK_CORESIGHT_ReadAPDPReg(AP reg 0x03)
T191C 000:396.930   Value=0x00000002
T191C 000:396.936 - 0.227ms returns 0
T191C 000:396.943 JLINK_CORESIGHT_ReadAPDPReg(AP reg 0x03)
T191C 000:397.297   Value=0x00000002
T191C 000:397.304 - 0.360ms returns 0
T191C 000:397.312 JLINK_CORESIGHT_ReadAPDPReg(AP reg 0x03)
T191C 000:397.532   Value=0x00000002
T191C 000:397.537 - 0.225ms returns 0
T191C 000:397.545 JLINK_CORESIGHT_ReadAPDPReg(AP reg 0x03)
T191C 000:397.765   Value=0x00000002
T191C 000:397.771 - 0.226ms returns 0
T191C 000:397.778 JLINK_CORESIGHT_ReadAPDPReg(AP reg 0x03)
T191C 000:397.999   Value=0x00000002
T191C 000:398.005 - 0.226ms returns 0
T191C 000:398.013 JLINK_CORESIGHT_ReadAPDPReg(AP reg 0x03)
T191C 000:398.299   Value=0x00000002
T191C 000:398.305 - 0.292ms returns 0
T191C 000:398.313 JLINK_CORESIGHT_ReadAPDPReg(AP reg 0x03)
T191C 000:398.534   Value=0x00000002
T191C 000:398.540 - 0.227ms returns 0
T191C 000:398.547 JLINK_CORESIGHT_ReadAPDPReg(AP reg 0x03)
T191C 000:398.767   Value=0x00000002
T191C 000:398.773 - 0.226ms returns 0
T191C 000:398.780 JLINK_CORESIGHT_ReadAPDPReg(AP reg 0x03)
T191C 000:399.002   Value=0x00000002
T191C 000:399.007 - 0.227ms returns 0
T191C 000:399.015 JLINK_CORESIGHT_ReadAPDPReg(AP reg 0x03)
T191C 000:399.297   Value=0x00000000
T191C 000:399.303 - 0.288ms returns 0
T191C 000:399.311 JLINK_CORESIGHT_WriteAPDPReg(AP reg 0x00, 0x80000002)
T191C 000:399.480 - 0.168ms returns 0
T191C 000:399.487 JLINK_CORESIGHT_WriteAPDPReg(AP reg 0x01, 0x80011130)
T191C 000:399.656 - 0.168ms returns 0
T191C 000:399.664 JLINK_CORESIGHT_ReadAPDPReg(AP reg 0x03)
T191C 000:399.883   Value=0x4F0B0081
T191C 000:399.889 - 0.225ms returns 0
T191C 000:399.897 JLINK_CORESIGHT_WriteAPDPReg(AP reg 0x00, 0x80000002)
T191C 000:400.072 - 0.174ms returns 0
T191C 000:400.080 JLINK_CORESIGHT_WriteAPDPReg(AP reg 0x01, 0x80011140)
T191C 000:400.344 - 0.264ms returns 0
T191C 000:400.352 JLINK_CORESIGHT_ReadAPDPReg(AP reg 0x03)
T191C 000:400.597   Value=0x00000000
T191C 000:400.618 - 0.266ms returns 0
T191C 000:400.640 JLINK_CORESIGHT_WriteAPDPReg(AP reg 0x00, 0x80000002)
T191C 000:400.818 - 0.178ms returns 0
T191C 000:400.829 JLINK_CORESIGHT_WriteAPDPReg(AP reg 0x01, 0x80011130)
T191C 000:400.999 - 0.169ms returns 0
T191C 000:401.009 JLINK_CORESIGHT_ReadAPDPReg(AP reg 0x03)
T191C 000:401.319   Value=0x20000000
T191C 000:401.367 - 0.357ms returns 0
T191C 000:401.381 JLINK_CORESIGHT_WriteAPDPReg(AP reg 0x00, 0x80000002)
T191C 000:401.717 - 0.335ms returns 0
T191C 000:401.764 JLINK_CORESIGHT_WriteAPDPReg(AP reg 0x01, 0x80011140)
T191C 000:401.997 - 0.233ms returns 0
T191C 000:402.026 JLINK_CORESIGHT_ReadAPDPReg(AP reg 0x03)
T191C 000:402.324   Value=0x00000000
T191C 000:402.343 - 0.317ms returns 0
T191C 000:402.352 JLINK_CORESIGHT_WriteAPDPReg(AP reg 0x00, 0x80000002)
T191C 000:402.610 - 0.258ms returns 0
T191C 000:402.629 JLINK_CORESIGHT_WriteAPDPReg(AP reg 0x01, 0x80011130)
T191C 000:404.755 - 2.123ms returns 0
T191C 000:404.790 JLINK_CORESIGHT_ReadAPDPReg(AP reg 0x03)
T191C 000:405.030   Value=0x00000000
T191C 000:405.044 - 0.254ms returns 0
T191C 000:405.055 JLINK_CORESIGHT_WriteAPDPReg(AP reg 0x00, 0x80000002)
T191C 000:405.298 - 0.243ms returns 0
T191C 000:405.307 JLINK_CORESIGHT_WriteAPDPReg(AP reg 0x01, 0x80011140)
T191C 000:405.476 - 0.169ms returns 0
T191C 000:405.485 JLINK_CORESIGHT_ReadAPDPReg(AP reg 0x03)
T191C 000:405.713   Value=0x00000000
T191C 000:405.719 - 0.234ms returns 0
T191C 000:405.727 JLINK_CORESIGHT_WriteAPDPReg(AP reg 0x00, 0x80000002)
T191C 000:405.910 - 0.184ms returns 0
T191C 000:405.919 JLINK_CORESIGHT_WriteAPDPReg(AP reg 0x01, 0x80011130)
T191C 000:406.090 - 0.171ms returns 0
T191C 000:406.098 JLINK_CORESIGHT_ReadAPDPReg(AP reg 0x03)
T191C 000:406.328   Value=0x03860000
T191C 000:406.334 - 0.236ms returns 0
T191C 000:406.740 JLINK_CORESIGHT_ReadAPDPReg(DP reg 0x01)
T191C 000:406.935   Value=0xF0000F40
T191C 000:406.941 - 0.202ms returns 0
T191C 000:406.946 JLINK_CORESIGHT_WriteAPDPReg(DP reg 0x01, 0xA0000F40)
T191C 000:407.110 - 0.164ms returns 0
T191C 000:407.116 JLINK_CORESIGHT_ReadAPDPReg(DP reg 0x01)
T191C 000:407.297   Value=0x00000F40
T191C 000:407.312 - 0.196ms returns 0
T191C 000:407.318 JLINK_ClrRESET()
T191C 000:407.467 - 0.149ms 
T191C 000:516.485 JLINK_Close()
T191C 000:530.333 - 13.847ms
T191C 000:530.365   
T191C 000:530.369   Closed
